
Showing logs for build [32mbeethub-environment-beet-k8s-1-hxmxr-1[0m stage [32mfrom-build-pack[0m and container [32mstep-credential-initializer-2txtk[0m
{"level":"warn","ts":1588902423.8811,"logger":"fallback-logger","caller":"logging/config.go:69","msg":"Fetch GitHub commit ID from kodata failed: \"ref: refs/heads/0.8.0-**-support-backwards-incompats\" is not a valid GitHub commit ID"}
{"level":"info","ts":1588902423.8813756,"logger":"fallback-logger","caller":"creds-init/main.go:40","msg":"Credentials initialized."}

Showing logs for build [32mbeethub-environment-beet-k8s-1-hxmxr-1[0m stage [32mfrom-build-pack[0m and container [32mstep-working-dir-initializer-br5sn[0m
{"level":"warn","ts":1588902424.4157202,"logger":"fallback-logger","caller":"logging/config.go:69","msg":"Fetch GitHub commit ID from kodata failed: open /var/run/ko/HEAD: no such file or directory"}
{"level":"info","ts":1588902424.4209678,"logger":"fallback-logger","caller":"bash/main.go:64","msg":"Successfully executed command \"sh -c mkdir -p /workspace/source\"; output "}

Showing logs for build [32mbeethub-environment-beet-k8s-1-hxmxr-1[0m stage [32mfrom-build-pack[0m and container [32mstep-place-tools[0m

Showing logs for build [32mbeethub-environment-beet-k8s-1-hxmxr-1[0m stage [32mfrom-build-pack[0m and container [32mstep-git-source-beethub-environment-beet-k8s-1-hxmxr-295wp[0m
{"level":"warn","ts":1588902428.4975095,"logger":"fallback-logger","caller":"logging/config.go:69","msg":"Fetch GitHub commit ID from kodata failed: \"ref: refs/heads/0.8.0-**-support-backwards-incompats\" is not a valid GitHub commit ID"}
{"level":"info","ts":1588902428.769844,"logger":"fallback-logger","caller":"git/git.go:103","msg":"Successfully cloned https://github.com/beethub/environment-beet-k8s-1-staging.git @ master in path /workspace/source"}

Showing logs for build [32mbeethub-environment-beet-k8s-1-hxmxr-1[0m stage [32mfrom-build-pack[0m and container [32mstep-git-merge[0m
Using SHAs from PULL_REFS=master:e897796e2d471a4444050c79055d8e815acc99d8,42:0a2a811ad8c753dd52e3c7869ccd5e70d3fc3a4a
DEBUG: LC_ALL=C JX_LOG_LEVEL=error git fetch origin --unshallow 0a2a811ad8c753dd52e3c7869ccd5e70d3fc3a4a: e897796e2d471a4444050c79055d8e815acc99d8:
DEBUG: ran git fetch --unshallow origin 0a2a811ad8c753dd52e3c7869ccd5e70d3fc3a4a: e897796e2d471a4444050c79055d8e815acc99d8: in 
DEBUG: LC_ALL=C JX_LOG_LEVEL=error git branch
DEBUG: LC_ALL=C JX_LOG_LEVEL=error git checkout master
DEBUG: ran git checkout master in 
DEBUG: LC_ALL=C JX_LOG_LEVEL=error git reset --hard e897796e2d471a4444050c79055d8e815acc99d8
DEBUG: ran git reset --hard e897796e2d471a4444050c79055d8e815acc99d8 in 
DEBUG: LC_ALL=C JX_LOG_LEVEL=error git clean -fd .
DEBUG: ran clean --force -d . in 
DEBUG: LC_ALL=C JX_LOG_LEVEL=error git merge 0a2a811ad8c753dd52e3c7869ccd5e70d3fc3a4a
DEBUG: ran git merge 0a2a811ad8c753dd52e3c7869ccd5e70d3fc3a4a in 
DEBUG: JX_LOG_LEVEL=error LC_ALL=C git log --format=%H%x1f%an%x1f%ae%x1f%cn%x1f%ce%x1f%s%n%b%x1e e897796e2d471a4444050c79055d8e815acc99d8..HEAD
Merged SHA 0a2a811ad8c753dd52e3c7869ccd5e70d3fc3a4a with commit message 'chore: Promote beet to version 0.0.16' into base branch master

Showing logs for build [32mbeethub-environment-beet-k8s-1-hxmxr-1[0m stage [32mfrom-build-pack[0m and container [32mstep-build-helm-build[0m
WARNING: No $CHART_REPOSITORY defined so using the default value of: http://jenkins-x-chartmuseum:8080
Adding missing Helm repo: storage.googleapis.com https://storage.googleapis.com/chartmuseum.jenkins-x.io
Successfully added Helm repository storage.googleapis.com.
Adding missing Helm repo: jenkins-x-chartmuseum http://jenkins-x-chartmuseum:8080
Successfully added Helm repository jenkins-x-chartmuseum.
WARNING: No $CHART_REPOSITORY defined so using the default value of: http://jenkins-x-chartmuseum:8080
Adding missing Helm repo: chartmuseum.jenkins-x.io http://chartmuseum.jenkins-x.io
Successfully added Helm repository chartmuseum.jenkins-x.io.
Adding missing Helm repo: codecentric.github.io https://codecentric.github.io/helm-charts
Successfully added Helm repository codecentric.github.io.
