
Showing logs for build [32mbeethub-environment-beet-k8s-1-zdwlv-1[0m stage [32mfrom-build-pack[0m and container [32mstep-credential-initializer-ztzzl[0m
{"level":"info","ts":1591315928.032311,"logger":"fallback-logger","caller":"logging/config.go:69","msg":"Fetch GitHub commit ID from kodata failed: open /var/run/ko/refs/heads/0.8.0-ns-support: no such file or directory"}
{"level":"info","ts":1591315928.0326538,"logger":"fallback-logger","caller":"creds-init/main.go:40","msg":"Credentials initialized."}

Showing logs for build [32mbeethub-environment-beet-k8s-1-zdwlv-1[0m stage [32mfrom-build-pack[0m and container [32mstep-working-dir-initializer-dfv4k[0m
{"level":"info","ts":1591315928.5252187,"logger":"fallback-logger","caller":"logging/config.go:69","msg":"Fetch GitHub commit ID from kodata failed: open /var/run/ko/HEAD: no such file or directory"}
{"level":"info","ts":1591315928.5273411,"logger":"fallback-logger","caller":"bash/main.go:64","msg":"Successfully executed command \"sh -c mkdir -p /workspace/source\"; output "}

Showing logs for build [32mbeethub-environment-beet-k8s-1-zdwlv-1[0m stage [32mfrom-build-pack[0m and container [32mstep-place-tools[0m

Showing logs for build [32mbeethub-environment-beet-k8s-1-zdwlv-1[0m stage [32mfrom-build-pack[0m and container [32mstep-git-source-beethub-environment-beet-k8s-1-zdwlv-dl8qk[0m
{"level":"info","ts":1591315932.6039665,"logger":"fallback-logger","caller":"logging/config.go:69","msg":"Fetch GitHub commit ID from kodata failed: open /var/run/ko/refs/heads/0.8.0-ns-support: no such file or directory"}
{"level":"info","ts":1591315932.9693422,"logger":"fallback-logger","caller":"git/git.go:103","msg":"Successfully cloned https://github.com/beethub/environment-beet-k8s-1-staging.git @ master in path /workspace/source"}

Showing logs for build [32mbeethub-environment-beet-k8s-1-zdwlv-1[0m stage [32mfrom-build-pack[0m and container [32mstep-git-merge[0m
Using SHAs from PULL_REFS=master:78ad26283a9bb9950e8baaab26cc6a8fcded3614,54:15b2eef2f934380218602fa5748b8ce8de342c7b
DEBUG: LC_ALL=C JX_LOG_LEVEL=error git fetch origin --unshallow 15b2eef2f934380218602fa5748b8ce8de342c7b: 78ad26283a9bb9950e8baaab26cc6a8fcded3614:
DEBUG: ran git fetch --unshallow origin 15b2eef2f934380218602fa5748b8ce8de342c7b: 78ad26283a9bb9950e8baaab26cc6a8fcded3614: in 
DEBUG: LC_ALL=C JX_LOG_LEVEL=error git branch
DEBUG: LC_ALL=C JX_LOG_LEVEL=error git checkout master
DEBUG: ran git checkout master in 
DEBUG: LC_ALL=C JX_LOG_LEVEL=error git reset --hard 78ad26283a9bb9950e8baaab26cc6a8fcded3614
DEBUG: ran git reset --hard 78ad26283a9bb9950e8baaab26cc6a8fcded3614 in 
DEBUG: JX_LOG_LEVEL=error LC_ALL=C git clean -fd .
DEBUG: ran clean --force -d . in 
DEBUG: LC_ALL=C JX_LOG_LEVEL=error git merge 15b2eef2f934380218602fa5748b8ce8de342c7b
DEBUG: ran git merge 15b2eef2f934380218602fa5748b8ce8de342c7b in 
DEBUG: LC_ALL=C JX_LOG_LEVEL=error git log --format=%H%x1f%an%x1f%ae%x1f%cn%x1f%ce%x1f%s%n%b%x1e 78ad26283a9bb9950e8baaab26cc6a8fcded3614..HEAD
Merged SHA 15b2eef2f934380218602fa5748b8ce8de342c7b with commit message 'chore: Promote beet to version 0.0.27' into base branch master

Showing logs for build [32mbeethub-environment-beet-k8s-1-zdwlv-1[0m stage [32mfrom-build-pack[0m and container [32mstep-build-helm-build[0m
WARNING: No $CHART_REPOSITORY defined so using the default value of: http://jenkins-x-chartmuseum:8080
Adding missing Helm repo: storage.googleapis.com https://storage.googleapis.com/chartmuseum.jenkins-x.io
Successfully added Helm repository storage.googleapis.com.
Adding missing Helm repo: jenkins-x-chartmuseum http://jenkins-x-chartmuseum:8080
Successfully added Helm repository jenkins-x-chartmuseum.
WARNING: No $CHART_REPOSITORY defined so using the default value of: http://jenkins-x-chartmuseum:8080
Adding missing Helm repo: chartmuseum.jenkins-x.io http://chartmuseum.jenkins-x.io
Successfully added Helm repository chartmuseum.jenkins-x.io.
Adding missing Helm repo: codecentric.github.io https://codecentric.github.io/helm-charts
Successfully added Helm repository codecentric.github.io.
