
Showing logs for build [32mbeethub-environment-beet-k8s-1-xk7fn-1[0m stage [32mfrom-build-pack[0m and container [32mstep-credential-initializer-m2rvg[0m
{"level":"warn","ts":1587761066.8396287,"logger":"fallback-logger","caller":"logging/config.go:69","msg":"Fetch GitHub commit ID from kodata failed: \"ref: refs/heads/0.8.0-**-support-backwards-incompats\" is not a valid GitHub commit ID"}
{"level":"info","ts":1587761066.8399427,"logger":"fallback-logger","caller":"creds-init/main.go:40","msg":"Credentials initialized."}

Showing logs for build [32mbeethub-environment-beet-k8s-1-xk7fn-1[0m stage [32mfrom-build-pack[0m and container [32mstep-working-dir-initializer-7bt8t[0m
{"level":"warn","ts":1587761067.7215033,"logger":"fallback-logger","caller":"logging/config.go:69","msg":"Fetch GitHub commit ID from kodata failed: open /var/run/ko/HEAD: no such file or directory"}
{"level":"info","ts":1587761067.723013,"logger":"fallback-logger","caller":"bash/main.go:64","msg":"Successfully executed command \"sh -c mkdir -p /workspace/source\"; output "}

Showing logs for build [32mbeethub-environment-beet-k8s-1-xk7fn-1[0m stage [32mfrom-build-pack[0m and container [32mstep-place-tools[0m

Showing logs for build [32mbeethub-environment-beet-k8s-1-xk7fn-1[0m stage [32mfrom-build-pack[0m and container [32mstep-git-source-beethub-environment-beet-k8s-1-xk7fn-72scc[0m
{"level":"warn","ts":1587761071.8065,"logger":"fallback-logger","caller":"logging/config.go:69","msg":"Fetch GitHub commit ID from kodata failed: \"ref: refs/heads/0.8.0-**-support-backwards-incompats\" is not a valid GitHub commit ID"}
{"level":"info","ts":1587761072.0562341,"logger":"fallback-logger","caller":"git/git.go:103","msg":"Successfully cloned https://github.com/beethub/environment-beet-k8s-1-staging.git @ master in path /workspace/source"}

Showing logs for build [32mbeethub-environment-beet-k8s-1-xk7fn-1[0m stage [32mfrom-build-pack[0m and container [32mstep-git-merge[0m
Using SHAs from PULL_REFS=master:b023131dfe1cb4eb19f6e79f8aa05246987674be,29:160c84eebea658a082693241681d782ff7e51cc9
DEBUG: LC_ALL=C JX_LOG_LEVEL=error git fetch origin --unshallow 160c84eebea658a082693241681d782ff7e51cc9: b023131dfe1cb4eb19f6e79f8aa05246987674be:
DEBUG: ran git fetch --unshallow origin 160c84eebea658a082693241681d782ff7e51cc9: b023131dfe1cb4eb19f6e79f8aa05246987674be: in 
DEBUG: JX_LOG_LEVEL=error LC_ALL=C git branch
DEBUG: LC_ALL=C JX_LOG_LEVEL=error git checkout master
DEBUG: ran git checkout master in 
DEBUG: JX_LOG_LEVEL=error LC_ALL=C git reset --hard b023131dfe1cb4eb19f6e79f8aa05246987674be
DEBUG: ran git reset --hard b023131dfe1cb4eb19f6e79f8aa05246987674be in 
DEBUG: LC_ALL=C JX_LOG_LEVEL=error git clean -fd .
DEBUG: ran clean --force -d . in 
DEBUG: LC_ALL=C JX_LOG_LEVEL=error git merge 160c84eebea658a082693241681d782ff7e51cc9
DEBUG: ran git merge 160c84eebea658a082693241681d782ff7e51cc9 in 
DEBUG: LC_ALL=C JX_LOG_LEVEL=error git log --format=%H%x1f%an%x1f%ae%x1f%cn%x1f%ce%x1f%s%n%b%x1e b023131dfe1cb4eb19f6e79f8aa05246987674be..HEAD
Merged SHA 160c84eebea658a082693241681d782ff7e51cc9 with commit message 'chore: Promote file to version 0.0.10' into base branch master

Showing logs for build [32mbeethub-environment-beet-k8s-1-xk7fn-1[0m stage [32mfrom-build-pack[0m and container [32mstep-build-helm-build[0m
WARNING: No $CHART_REPOSITORY defined so using the default value of: http://jenkins-x-chartmuseum:8080
Adding missing Helm repo: storage.googleapis.com https://storage.googleapis.com/chartmuseum.jenkins-x.io
Successfully added Helm repository storage.googleapis.com.
Adding missing Helm repo: jenkins-x-chartmuseum http://jenkins-x-chartmuseum:8080
Successfully added Helm repository jenkins-x-chartmuseum.
WARNING: No $CHART_REPOSITORY defined so using the default value of: http://jenkins-x-chartmuseum:8080
Adding missing Helm repo: chartmuseum.jenkins-x.io http://chartmuseum.jenkins-x.io
Successfully added Helm repository chartmuseum.jenkins-x.io.
Adding missing Helm repo: codecentric.github.io https://codecentric.github.io/helm-charts
Successfully added Helm repository codecentric.github.io.
