
Showing logs for build [32mbeethub-environment-beet-k8s-1-gvfvm-1[0m stage [32mfrom-build-pack[0m and container [32mstep-credential-initializer-c5qvw[0m
{"level":"warn","ts":1587685624.2807088,"logger":"fallback-logger","caller":"logging/config.go:69","msg":"Fetch GitHub commit ID from kodata failed: \"ref: refs/heads/0.8.0-**-support-backwards-incompats\" is not a valid GitHub commit ID"}
{"level":"info","ts":1587685624.2810912,"logger":"fallback-logger","caller":"creds-init/main.go:40","msg":"Credentials initialized."}

Showing logs for build [32mbeethub-environment-beet-k8s-1-gvfvm-1[0m stage [32mfrom-build-pack[0m and container [32mstep-working-dir-initializer-6tjw5[0m
{"level":"warn","ts":1587685624.9792886,"logger":"fallback-logger","caller":"logging/config.go:69","msg":"Fetch GitHub commit ID from kodata failed: open /var/run/ko/HEAD: no such file or directory"}
{"level":"info","ts":1587685624.980555,"logger":"fallback-logger","caller":"bash/main.go:64","msg":"Successfully executed command \"sh -c mkdir -p /workspace/source\"; output "}

Showing logs for build [32mbeethub-environment-beet-k8s-1-gvfvm-1[0m stage [32mfrom-build-pack[0m and container [32mstep-place-tools[0m

Showing logs for build [32mbeethub-environment-beet-k8s-1-gvfvm-1[0m stage [32mfrom-build-pack[0m and container [32mstep-git-source-beethub-environment-beet-k8s-1-gvfvm-xx9zn[0m
{"level":"warn","ts":1587685630.1545384,"logger":"fallback-logger","caller":"logging/config.go:69","msg":"Fetch GitHub commit ID from kodata failed: \"ref: refs/heads/0.8.0-**-support-backwards-incompats\" is not a valid GitHub commit ID"}
{"level":"info","ts":1587685630.426933,"logger":"fallback-logger","caller":"git/git.go:103","msg":"Successfully cloned https://github.com/beethub/environment-beet-k8s-1-staging.git @ master in path /workspace/source"}

Showing logs for build [32mbeethub-environment-beet-k8s-1-gvfvm-1[0m stage [32mfrom-build-pack[0m and container [32mstep-git-merge[0m
Using SHAs from PULL_REFS=master:54dad7ac70cd4cfdfec4edf3a1043d045b281cc7,26:31de10694d1b1a5d8918178f637fa5f20aaff7ed
DEBUG: LC_ALL=C JX_LOG_LEVEL=error git fetch origin --unshallow 31de10694d1b1a5d8918178f637fa5f20aaff7ed: 54dad7ac70cd4cfdfec4edf3a1043d045b281cc7:
DEBUG: ran git fetch --unshallow origin 31de10694d1b1a5d8918178f637fa5f20aaff7ed: 54dad7ac70cd4cfdfec4edf3a1043d045b281cc7: in 
DEBUG: LC_ALL=C JX_LOG_LEVEL=error git branch
DEBUG: LC_ALL=C JX_LOG_LEVEL=error git checkout master
DEBUG: ran git checkout master in 
DEBUG: LC_ALL=C JX_LOG_LEVEL=error git reset --hard 54dad7ac70cd4cfdfec4edf3a1043d045b281cc7
DEBUG: ran git reset --hard 54dad7ac70cd4cfdfec4edf3a1043d045b281cc7 in 
DEBUG: LC_ALL=C JX_LOG_LEVEL=error git clean -fd .
DEBUG: ran clean --force -d . in 
DEBUG: LC_ALL=C JX_LOG_LEVEL=error git merge 31de10694d1b1a5d8918178f637fa5f20aaff7ed
DEBUG: ran git merge 31de10694d1b1a5d8918178f637fa5f20aaff7ed in 
DEBUG: LC_ALL=C JX_LOG_LEVEL=error git log --format=%H%x1f%an%x1f%ae%x1f%cn%x1f%ce%x1f%s%n%b%x1e 54dad7ac70cd4cfdfec4edf3a1043d045b281cc7..HEAD
Merged SHA 31de10694d1b1a5d8918178f637fa5f20aaff7ed with commit message 'chore: Promote file to version 0.0.7' into base branch master

Showing logs for build [32mbeethub-environment-beet-k8s-1-gvfvm-1[0m stage [32mfrom-build-pack[0m and container [32mstep-build-helm-build[0m
WARNING: No $CHART_REPOSITORY defined so using the default value of: http://jenkins-x-chartmuseum:8080
Adding missing Helm repo: storage.googleapis.com https://storage.googleapis.com/chartmuseum.jenkins-x.io
Successfully added Helm repository storage.googleapis.com.
Adding missing Helm repo: jenkins-x-chartmuseum http://jenkins-x-chartmuseum:8080
Successfully added Helm repository jenkins-x-chartmuseum.
WARNING: No $CHART_REPOSITORY defined so using the default value of: http://jenkins-x-chartmuseum:8080
Adding missing Helm repo: chartmuseum.jenkins-x.io http://chartmuseum.jenkins-x.io
Successfully added Helm repository chartmuseum.jenkins-x.io.
Adding missing Helm repo: codecentric.github.io https://codecentric.github.io/helm-charts
Successfully added Helm repository codecentric.github.io.
