
Showing logs for build [32mbeethub-environment-beet-k8s-1-wkvv5-1[0m stage [32mfrom-build-pack[0m and container [32mstep-credential-initializer-5g4r7[0m
{"level":"info","ts":1596321663.074053,"logger":"fallback-logger","caller":"logging/config.go:69","msg":"Fetch GitHub commit ID from kodata failed: open /var/run/ko/refs/heads/0.8.0-ns-support: no such file or directory"}
{"level":"info","ts":1596321663.0744903,"logger":"fallback-logger","caller":"creds-init/main.go:40","msg":"Credentials initialized."}

Showing logs for build [32mbeethub-environment-beet-k8s-1-wkvv5-1[0m stage [32mfrom-build-pack[0m and container [32mstep-working-dir-initializer-fqb8k[0m
{"level":"info","ts":1596321663.8366234,"logger":"fallback-logger","caller":"logging/config.go:69","msg":"Fetch GitHub commit ID from kodata failed: open /var/run/ko/HEAD: no such file or directory"}
{"level":"info","ts":1596321663.8408463,"logger":"fallback-logger","caller":"bash/main.go:64","msg":"Successfully executed command \"sh -c mkdir -p /workspace/source\"; output "}

Showing logs for build [32mbeethub-environment-beet-k8s-1-wkvv5-1[0m stage [32mfrom-build-pack[0m and container [32mstep-place-tools[0m

Showing logs for build [32mbeethub-environment-beet-k8s-1-wkvv5-1[0m stage [32mfrom-build-pack[0m and container [32mstep-git-source-beethub-environment-beet-k8s-1-wkvv5-8gk7l[0m
{"level":"info","ts":1596321667.907652,"logger":"fallback-logger","caller":"logging/config.go:69","msg":"Fetch GitHub commit ID from kodata failed: open /var/run/ko/refs/heads/0.8.0-ns-support: no such file or directory"}
{"level":"info","ts":1596321668.1480865,"logger":"fallback-logger","caller":"git/git.go:103","msg":"Successfully cloned https://github.com/beethub/environment-beet-k8s-1-staging.git @ master in path /workspace/source"}

Showing logs for build [32mbeethub-environment-beet-k8s-1-wkvv5-1[0m stage [32mfrom-build-pack[0m and container [32mstep-git-merge[0m
Using SHAs from PULL_REFS=master:234a78e4a4ddce0369ced2d69969c5a3d5978a4e,58:eccf65243f64836d106fe087cdc1631808574601
DEBUG: LC_ALL=C JX_LOG_LEVEL=error git fetch origin --unshallow eccf65243f64836d106fe087cdc1631808574601: 234a78e4a4ddce0369ced2d69969c5a3d5978a4e:
DEBUG: ran git fetch --unshallow origin eccf65243f64836d106fe087cdc1631808574601: 234a78e4a4ddce0369ced2d69969c5a3d5978a4e: in 
DEBUG: LC_ALL=C JX_LOG_LEVEL=error git branch
DEBUG: LC_ALL=C JX_LOG_LEVEL=error git checkout master
DEBUG: ran git checkout master in 
DEBUG: LC_ALL=C JX_LOG_LEVEL=error git reset --hard 234a78e4a4ddce0369ced2d69969c5a3d5978a4e
DEBUG: ran git reset --hard 234a78e4a4ddce0369ced2d69969c5a3d5978a4e in 
DEBUG: LC_ALL=C JX_LOG_LEVEL=error git clean -fd .
DEBUG: ran clean --force -d . in 
DEBUG: LC_ALL=C JX_LOG_LEVEL=error git merge eccf65243f64836d106fe087cdc1631808574601
DEBUG: ran git merge eccf65243f64836d106fe087cdc1631808574601 in 
DEBUG: LC_ALL=C JX_LOG_LEVEL=error git log --format=%H%x1f%an%x1f%ae%x1f%cn%x1f%ce%x1f%s%n%b%x1e 234a78e4a4ddce0369ced2d69969c5a3d5978a4e..HEAD
Merged SHA eccf65243f64836d106fe087cdc1631808574601 with commit message 'chore: Promote api to version 0.0.24' into base branch master

Showing logs for build [32mbeethub-environment-beet-k8s-1-wkvv5-1[0m stage [32mfrom-build-pack[0m and container [32mstep-build-helm-build[0m
WARNING: No $CHART_REPOSITORY defined so using the default value of: http://jenkins-x-chartmuseum:8080
Adding missing Helm repo: storage.googleapis.com https://storage.googleapis.com/chartmuseum.jenkins-x.io
Successfully added Helm repository storage.googleapis.com.
Adding missing Helm repo: jenkins-x-chartmuseum http://jenkins-x-chartmuseum:8080
Successfully added Helm repository jenkins-x-chartmuseum.
WARNING: No $CHART_REPOSITORY defined so using the default value of: http://jenkins-x-chartmuseum:8080
Adding missing Helm repo: chartmuseum.jenkins-x.io http://chartmuseum.jenkins-x.io
Successfully added Helm repository chartmuseum.jenkins-x.io.
Adding missing Helm repo: codecentric.github.io https://codecentric.github.io/helm-charts
Successfully added Helm repository codecentric.github.io.
