
Showing logs for build [32mbeethub-environment-beet-k8s-1-6njhf-1[0m stage [32mfrom-build-pack[0m and container [32mstep-credential-initializer-mp9v6[0m
{"level":"warn","ts":1587687292.9273026,"logger":"fallback-logger","caller":"logging/config.go:69","msg":"Fetch GitHub commit ID from kodata failed: \"ref: refs/heads/0.8.0-**-support-backwards-incompats\" is not a valid GitHub commit ID"}
{"level":"info","ts":1587687292.9278822,"logger":"fallback-logger","caller":"creds-init/main.go:40","msg":"Credentials initialized."}

Showing logs for build [32mbeethub-environment-beet-k8s-1-6njhf-1[0m stage [32mfrom-build-pack[0m and container [32mstep-working-dir-initializer-dcm88[0m
{"level":"warn","ts":1587687293.3027408,"logger":"fallback-logger","caller":"logging/config.go:69","msg":"Fetch GitHub commit ID from kodata failed: open /var/run/ko/HEAD: no such file or directory"}
{"level":"info","ts":1587687293.3037965,"logger":"fallback-logger","caller":"bash/main.go:64","msg":"Successfully executed command \"sh -c mkdir -p /workspace/source\"; output "}

Showing logs for build [32mbeethub-environment-beet-k8s-1-6njhf-1[0m stage [32mfrom-build-pack[0m and container [32mstep-place-tools[0m

Showing logs for build [32mbeethub-environment-beet-k8s-1-6njhf-1[0m stage [32mfrom-build-pack[0m and container [32mstep-git-source-beethub-environment-beet-k8s-1-6njhf-tbxm5[0m
{"level":"warn","ts":1587687298.526601,"logger":"fallback-logger","caller":"logging/config.go:69","msg":"Fetch GitHub commit ID from kodata failed: \"ref: refs/heads/0.8.0-**-support-backwards-incompats\" is not a valid GitHub commit ID"}
{"level":"info","ts":1587687298.8153124,"logger":"fallback-logger","caller":"git/git.go:103","msg":"Successfully cloned https://github.com/beethub/environment-beet-k8s-1-staging.git @ master in path /workspace/source"}

Showing logs for build [32mbeethub-environment-beet-k8s-1-6njhf-1[0m stage [32mfrom-build-pack[0m and container [32mstep-git-merge[0m
Using SHAs from PULL_REFS=master:bc4c20ef79b1eefa98d92328a53b8ec8054c139d,27:5833d557a5e757fead31cddc9ee1f17f91ee23a1
DEBUG: LC_ALL=C JX_LOG_LEVEL=error git fetch origin --unshallow 5833d557a5e757fead31cddc9ee1f17f91ee23a1: bc4c20ef79b1eefa98d92328a53b8ec8054c139d:
DEBUG: ran git fetch --unshallow origin 5833d557a5e757fead31cddc9ee1f17f91ee23a1: bc4c20ef79b1eefa98d92328a53b8ec8054c139d: in 
DEBUG: LC_ALL=C JX_LOG_LEVEL=error git branch
DEBUG: LC_ALL=C JX_LOG_LEVEL=error git checkout master
DEBUG: ran git checkout master in 
DEBUG: LC_ALL=C JX_LOG_LEVEL=error git reset --hard bc4c20ef79b1eefa98d92328a53b8ec8054c139d
DEBUG: ran git reset --hard bc4c20ef79b1eefa98d92328a53b8ec8054c139d in 
DEBUG: LC_ALL=C JX_LOG_LEVEL=error git clean -fd .
DEBUG: ran clean --force -d . in 
DEBUG: LC_ALL=C JX_LOG_LEVEL=error git merge 5833d557a5e757fead31cddc9ee1f17f91ee23a1
DEBUG: ran git merge 5833d557a5e757fead31cddc9ee1f17f91ee23a1 in 
DEBUG: LC_ALL=C JX_LOG_LEVEL=error git log --format=%H%x1f%an%x1f%ae%x1f%cn%x1f%ce%x1f%s%n%b%x1e bc4c20ef79b1eefa98d92328a53b8ec8054c139d..HEAD
Merged SHA 5833d557a5e757fead31cddc9ee1f17f91ee23a1 with commit message 'chore: Promote file to version 0.0.8' into base branch master

Showing logs for build [32mbeethub-environment-beet-k8s-1-6njhf-1[0m stage [32mfrom-build-pack[0m and container [32mstep-build-helm-build[0m
WARNING: No $CHART_REPOSITORY defined so using the default value of: http://jenkins-x-chartmuseum:8080
Adding missing Helm repo: storage.googleapis.com https://storage.googleapis.com/chartmuseum.jenkins-x.io
Successfully added Helm repository storage.googleapis.com.
Adding missing Helm repo: jenkins-x-chartmuseum http://jenkins-x-chartmuseum:8080
Successfully added Helm repository jenkins-x-chartmuseum.
WARNING: No $CHART_REPOSITORY defined so using the default value of: http://jenkins-x-chartmuseum:8080
Adding missing Helm repo: chartmuseum.jenkins-x.io http://chartmuseum.jenkins-x.io
Successfully added Helm repository chartmuseum.jenkins-x.io.
Adding missing Helm repo: codecentric.github.io https://codecentric.github.io/helm-charts
Successfully added Helm repository codecentric.github.io.
