
Showing logs for build [32mbeethub-environment-beet-k8s-1-fsx4l-1[0m stage [32mfrom-build-pack[0m and container [32mstep-credential-initializer-cdmdv[0m
{"level":"info","ts":1590796780.2836704,"logger":"fallback-logger","caller":"logging/config.go:69","msg":"Fetch GitHub commit ID from kodata failed: open /var/run/ko/refs/heads/0.8.0-ns-support: no such file or directory"}
{"level":"info","ts":1590796780.2846384,"logger":"fallback-logger","caller":"creds-init/main.go:40","msg":"Credentials initialized."}

Showing logs for build [32mbeethub-environment-beet-k8s-1-fsx4l-1[0m stage [32mfrom-build-pack[0m and container [32mstep-working-dir-initializer-xk2xk[0m
{"level":"info","ts":1590796781.1797464,"logger":"fallback-logger","caller":"logging/config.go:69","msg":"Fetch GitHub commit ID from kodata failed: open /var/run/ko/HEAD: no such file or directory"}
{"level":"info","ts":1590796781.181036,"logger":"fallback-logger","caller":"bash/main.go:64","msg":"Successfully executed command \"sh -c mkdir -p /workspace/source\"; output "}

Showing logs for build [32mbeethub-environment-beet-k8s-1-fsx4l-1[0m stage [32mfrom-build-pack[0m and container [32mstep-place-tools[0m

Showing logs for build [32mbeethub-environment-beet-k8s-1-fsx4l-1[0m stage [32mfrom-build-pack[0m and container [32mstep-git-source-beethub-environment-beet-k8s-1-fsx4l-dsghx[0m
{"level":"info","ts":1590796785.2367222,"logger":"fallback-logger","caller":"logging/config.go:69","msg":"Fetch GitHub commit ID from kodata failed: open /var/run/ko/refs/heads/0.8.0-ns-support: no such file or directory"}
{"level":"info","ts":1590796785.5039942,"logger":"fallback-logger","caller":"git/git.go:103","msg":"Successfully cloned https://github.com/beethub/environment-beet-k8s-1-staging.git @ master in path /workspace/source"}

Showing logs for build [32mbeethub-environment-beet-k8s-1-fsx4l-1[0m stage [32mfrom-build-pack[0m and container [32mstep-git-merge[0m
Using SHAs from PULL_REFS=master:8706531eed31fd18e2eea59cc8a8467410543d2b,52:44943def89b73740bdcdbcc19a87ac7ef160abe7
DEBUG: LC_ALL=C JX_LOG_LEVEL=error git fetch origin --unshallow 44943def89b73740bdcdbcc19a87ac7ef160abe7: 8706531eed31fd18e2eea59cc8a8467410543d2b:
DEBUG: ran git fetch --unshallow origin 44943def89b73740bdcdbcc19a87ac7ef160abe7: 8706531eed31fd18e2eea59cc8a8467410543d2b: in 
DEBUG: LC_ALL=C JX_LOG_LEVEL=error git branch
DEBUG: LC_ALL=C JX_LOG_LEVEL=error git checkout master
DEBUG: ran git checkout master in 
DEBUG: LC_ALL=C JX_LOG_LEVEL=error git reset --hard 8706531eed31fd18e2eea59cc8a8467410543d2b
DEBUG: ran git reset --hard 8706531eed31fd18e2eea59cc8a8467410543d2b in 
DEBUG: LC_ALL=C JX_LOG_LEVEL=error git clean -fd .
DEBUG: ran clean --force -d . in 
DEBUG: LC_ALL=C JX_LOG_LEVEL=error git merge 44943def89b73740bdcdbcc19a87ac7ef160abe7
DEBUG: ran git merge 44943def89b73740bdcdbcc19a87ac7ef160abe7 in 
DEBUG: LC_ALL=C JX_LOG_LEVEL=error git log --format=%H%x1f%an%x1f%ae%x1f%cn%x1f%ce%x1f%s%n%b%x1e 8706531eed31fd18e2eea59cc8a8467410543d2b..HEAD
Merged SHA 44943def89b73740bdcdbcc19a87ac7ef160abe7 with commit message 'chore: Promote beet to version 0.0.26' into base branch master

Showing logs for build [32mbeethub-environment-beet-k8s-1-fsx4l-1[0m stage [32mfrom-build-pack[0m and container [32mstep-build-helm-build[0m
WARNING: No $CHART_REPOSITORY defined so using the default value of: http://jenkins-x-chartmuseum:8080
Adding missing Helm repo: storage.googleapis.com https://storage.googleapis.com/chartmuseum.jenkins-x.io
Successfully added Helm repository storage.googleapis.com.
Adding missing Helm repo: jenkins-x-chartmuseum http://jenkins-x-chartmuseum:8080
Successfully added Helm repository jenkins-x-chartmuseum.
WARNING: No $CHART_REPOSITORY defined so using the default value of: http://jenkins-x-chartmuseum:8080
Adding missing Helm repo: chartmuseum.jenkins-x.io http://chartmuseum.jenkins-x.io
Successfully added Helm repository chartmuseum.jenkins-x.io.
Adding missing Helm repo: codecentric.github.io https://codecentric.github.io/helm-charts
Successfully added Helm repository codecentric.github.io.
