
Showing logs for build [32mbeethub-environment-beet-k8s-1-27t66-1[0m stage [32mfrom-build-pack[0m and container [32mstep-credential-initializer-7wtk5[0m
{"level":"warn","ts":1587488521.658462,"logger":"fallback-logger","caller":"logging/config.go:69","msg":"Fetch GitHub commit ID from kodata failed: \"ref: refs/heads/0.8.0-**-support-backwards-incompats\" is not a valid GitHub commit ID"}
{"level":"info","ts":1587488521.6588464,"logger":"fallback-logger","caller":"creds-init/main.go:40","msg":"Credentials initialized."}

Showing logs for build [32mbeethub-environment-beet-k8s-1-27t66-1[0m stage [32mfrom-build-pack[0m and container [32mstep-working-dir-initializer-7cssb[0m
{"level":"warn","ts":1587488522.4678082,"logger":"fallback-logger","caller":"logging/config.go:69","msg":"Fetch GitHub commit ID from kodata failed: open /var/run/ko/HEAD: no such file or directory"}
{"level":"info","ts":1587488522.4697046,"logger":"fallback-logger","caller":"bash/main.go:64","msg":"Successfully executed command \"sh -c mkdir -p /workspace/source\"; output "}

Showing logs for build [32mbeethub-environment-beet-k8s-1-27t66-1[0m stage [32mfrom-build-pack[0m and container [32mstep-place-tools[0m

Showing logs for build [32mbeethub-environment-beet-k8s-1-27t66-1[0m stage [32mfrom-build-pack[0m and container [32mstep-git-source-beethub-environment-beet-k8s-1-27t66-9pl6p[0m
{"level":"warn","ts":1587488526.6709971,"logger":"fallback-logger","caller":"logging/config.go:69","msg":"Fetch GitHub commit ID from kodata failed: \"ref: refs/heads/0.8.0-**-support-backwards-incompats\" is not a valid GitHub commit ID"}
{"level":"info","ts":1587488526.9211895,"logger":"fallback-logger","caller":"git/git.go:103","msg":"Successfully cloned https://github.com/beethub/environment-beet-k8s-1-staging.git @ master in path /workspace/source"}

Showing logs for build [32mbeethub-environment-beet-k8s-1-27t66-1[0m stage [32mfrom-build-pack[0m and container [32mstep-git-merge[0m
Using SHAs from PULL_REFS=master:cf6ac7d0cfeb9d8d5870dd22a6de53bbe62f2d44,23:04e91c3d35e64a2fd56b5f0492b25f1dbd63a3bf
DEBUG: LC_ALL=C JX_LOG_LEVEL=error git fetch origin --unshallow 04e91c3d35e64a2fd56b5f0492b25f1dbd63a3bf: cf6ac7d0cfeb9d8d5870dd22a6de53bbe62f2d44:
DEBUG: ran git fetch --unshallow origin 04e91c3d35e64a2fd56b5f0492b25f1dbd63a3bf: cf6ac7d0cfeb9d8d5870dd22a6de53bbe62f2d44: in 
DEBUG: LC_ALL=C JX_LOG_LEVEL=error git branch
DEBUG: LC_ALL=C JX_LOG_LEVEL=error git checkout master
DEBUG: ran git checkout master in 
DEBUG: LC_ALL=C JX_LOG_LEVEL=error git reset --hard cf6ac7d0cfeb9d8d5870dd22a6de53bbe62f2d44
DEBUG: ran git reset --hard cf6ac7d0cfeb9d8d5870dd22a6de53bbe62f2d44 in 
DEBUG: LC_ALL=C JX_LOG_LEVEL=error git clean -fd .
DEBUG: ran clean --force -d . in 
DEBUG: JX_LOG_LEVEL=error LC_ALL=C git merge 04e91c3d35e64a2fd56b5f0492b25f1dbd63a3bf
DEBUG: ran git merge 04e91c3d35e64a2fd56b5f0492b25f1dbd63a3bf in 
DEBUG: LC_ALL=C JX_LOG_LEVEL=error git log --format=%H%x1f%an%x1f%ae%x1f%cn%x1f%ce%x1f%s%n%b%x1e cf6ac7d0cfeb9d8d5870dd22a6de53bbe62f2d44..HEAD
Merged SHA 04e91c3d35e64a2fd56b5f0492b25f1dbd63a3bf with commit message 'chore: Promote api to version 0.0.8' into base branch master

Showing logs for build [32mbeethub-environment-beet-k8s-1-27t66-1[0m stage [32mfrom-build-pack[0m and container [32mstep-build-helm-build[0m
WARNING: No $CHART_REPOSITORY defined so using the default value of: http://jenkins-x-chartmuseum:8080
Adding missing Helm repo: storage.googleapis.com https://storage.googleapis.com/chartmuseum.jenkins-x.io
Successfully added Helm repository storage.googleapis.com.
Adding missing Helm repo: jenkins-x-chartmuseum http://jenkins-x-chartmuseum:8080
Successfully added Helm repository jenkins-x-chartmuseum.
WARNING: No $CHART_REPOSITORY defined so using the default value of: http://jenkins-x-chartmuseum:8080
Adding missing Helm repo: chartmuseum.jenkins-x.io http://chartmuseum.jenkins-x.io
Successfully added Helm repository chartmuseum.jenkins-x.io.
Adding missing Helm repo: codecentric.github.io https://codecentric.github.io/helm-charts
Successfully added Helm repository codecentric.github.io.
