
Showing logs for build [32mbeethub-environment-beet-k8s-1-j55dr-1[0m stage [32mfrom-build-pack[0m and container [32mstep-credential-initializer-hxstm[0m
{"level":"warn","ts":1587349817.7499945,"logger":"fallback-logger","caller":"logging/config.go:69","msg":"Fetch GitHub commit ID from kodata failed: \"ref: refs/heads/0.8.0-**-support-backwards-incompats\" is not a valid GitHub commit ID"}
{"level":"info","ts":1587349817.7504911,"logger":"fallback-logger","caller":"creds-init/main.go:40","msg":"Credentials initialized."}

Showing logs for build [32mbeethub-environment-beet-k8s-1-j55dr-1[0m stage [32mfrom-build-pack[0m and container [32mstep-working-dir-initializer-ptgp5[0m
{"level":"warn","ts":1587349818.5628247,"logger":"fallback-logger","caller":"logging/config.go:69","msg":"Fetch GitHub commit ID from kodata failed: open /var/run/ko/HEAD: no such file or directory"}
{"level":"info","ts":1587349818.5652692,"logger":"fallback-logger","caller":"bash/main.go:64","msg":"Successfully executed command \"sh -c mkdir -p /workspace/source\"; output "}

Showing logs for build [32mbeethub-environment-beet-k8s-1-j55dr-1[0m stage [32mfrom-build-pack[0m and container [32mstep-place-tools[0m

Showing logs for build [32mbeethub-environment-beet-k8s-1-j55dr-1[0m stage [32mfrom-build-pack[0m and container [32mstep-git-source-beethub-environment-beet-k8s-1-j55dr-qjs4d[0m
{"level":"warn","ts":1587349823.8190305,"logger":"fallback-logger","caller":"logging/config.go:69","msg":"Fetch GitHub commit ID from kodata failed: \"ref: refs/heads/0.8.0-**-support-backwards-incompats\" is not a valid GitHub commit ID"}
{"level":"info","ts":1587349824.1296215,"logger":"fallback-logger","caller":"git/git.go:103","msg":"Successfully cloned https://github.com/beethub/environment-beet-k8s-1-staging.git @ master in path /workspace/source"}

Showing logs for build [32mbeethub-environment-beet-k8s-1-j55dr-1[0m stage [32mfrom-build-pack[0m and container [32mstep-git-merge[0m
Using SHAs from PULL_REFS=master:8378d4f32f262a5594f045caa3b87fb6ce422e56,21:d8cfb9d7313432086523d38306028fcbb2eb745d
DEBUG: JX_LOG_LEVEL=error LC_ALL=C git fetch origin --unshallow d8cfb9d7313432086523d38306028fcbb2eb745d: 8378d4f32f262a5594f045caa3b87fb6ce422e56:
DEBUG: ran git fetch --unshallow origin d8cfb9d7313432086523d38306028fcbb2eb745d: 8378d4f32f262a5594f045caa3b87fb6ce422e56: in 
DEBUG: LC_ALL=C JX_LOG_LEVEL=error git branch
DEBUG: LC_ALL=C JX_LOG_LEVEL=error git checkout master
DEBUG: ran git checkout master in 
DEBUG: LC_ALL=C JX_LOG_LEVEL=error git reset --hard 8378d4f32f262a5594f045caa3b87fb6ce422e56
DEBUG: ran git reset --hard 8378d4f32f262a5594f045caa3b87fb6ce422e56 in 
DEBUG: LC_ALL=C JX_LOG_LEVEL=error git clean -fd .
DEBUG: ran clean --force -d . in 
DEBUG: JX_LOG_LEVEL=error LC_ALL=C git merge d8cfb9d7313432086523d38306028fcbb2eb745d
DEBUG: ran git merge d8cfb9d7313432086523d38306028fcbb2eb745d in 
DEBUG: LC_ALL=C JX_LOG_LEVEL=error git log --format=%H%x1f%an%x1f%ae%x1f%cn%x1f%ce%x1f%s%n%b%x1e 8378d4f32f262a5594f045caa3b87fb6ce422e56..HEAD
Merged SHA d8cfb9d7313432086523d38306028fcbb2eb745d with commit message 'chore: Promote api to version 0.0.6' into base branch master

Showing logs for build [32mbeethub-environment-beet-k8s-1-j55dr-1[0m stage [32mfrom-build-pack[0m and container [32mstep-build-helm-build[0m
WARNING: No $CHART_REPOSITORY defined so using the default value of: http://jenkins-x-chartmuseum:8080
Adding missing Helm repo: storage.googleapis.com https://storage.googleapis.com/chartmuseum.jenkins-x.io
Successfully added Helm repository storage.googleapis.com.
Adding missing Helm repo: jenkins-x-chartmuseum http://jenkins-x-chartmuseum:8080
Successfully added Helm repository jenkins-x-chartmuseum.
WARNING: No $CHART_REPOSITORY defined so using the default value of: http://jenkins-x-chartmuseum:8080
Adding missing Helm repo: chartmuseum.jenkins-x.io http://chartmuseum.jenkins-x.io
Successfully added Helm repository chartmuseum.jenkins-x.io.
Adding missing Helm repo: codecentric.github.io https://codecentric.github.io/helm-charts
Successfully added Helm repository codecentric.github.io.
