
Showing logs for build [32mbeethub-environment-beet-k8s-1-fsfvg-1[0m stage [32mfrom-build-pack[0m and container [32mstep-credential-initializer-dghk6[0m
{"level":"warn","ts":1587924478.4591696,"logger":"fallback-logger","caller":"logging/config.go:69","msg":"Fetch GitHub commit ID from kodata failed: \"ref: refs/heads/0.8.0-**-support-backwards-incompats\" is not a valid GitHub commit ID"}
{"level":"info","ts":1587924478.4603522,"logger":"fallback-logger","caller":"creds-init/main.go:40","msg":"Credentials initialized."}

Showing logs for build [32mbeethub-environment-beet-k8s-1-fsfvg-1[0m stage [32mfrom-build-pack[0m and container [32mstep-working-dir-initializer-fgcbr[0m
{"level":"warn","ts":1587924479.4210486,"logger":"fallback-logger","caller":"logging/config.go:69","msg":"Fetch GitHub commit ID from kodata failed: open /var/run/ko/HEAD: no such file or directory"}
{"level":"info","ts":1587924479.4235377,"logger":"fallback-logger","caller":"bash/main.go:64","msg":"Successfully executed command \"sh -c mkdir -p /workspace/source\"; output "}

Showing logs for build [32mbeethub-environment-beet-k8s-1-fsfvg-1[0m stage [32mfrom-build-pack[0m and container [32mstep-place-tools[0m

Showing logs for build [32mbeethub-environment-beet-k8s-1-fsfvg-1[0m stage [32mfrom-build-pack[0m and container [32mstep-git-source-beethub-environment-beet-k8s-1-fsfvg-hxcmt[0m
{"level":"warn","ts":1587924483.5055737,"logger":"fallback-logger","caller":"logging/config.go:69","msg":"Fetch GitHub commit ID from kodata failed: \"ref: refs/heads/0.8.0-**-support-backwards-incompats\" is not a valid GitHub commit ID"}
{"level":"info","ts":1587924483.7828023,"logger":"fallback-logger","caller":"git/git.go:103","msg":"Successfully cloned https://github.com/beethub/environment-beet-k8s-1-staging.git @ master in path /workspace/source"}

Showing logs for build [32mbeethub-environment-beet-k8s-1-fsfvg-1[0m stage [32mfrom-build-pack[0m and container [32mstep-git-merge[0m
Using SHAs from PULL_REFS=master:22e34bb4eaad79d1d1f740f8a4781503878380bd,33:b771b4735e78215203769c7c197d917bef1bb794
DEBUG: LC_ALL=C JX_LOG_LEVEL=error git fetch origin --unshallow b771b4735e78215203769c7c197d917bef1bb794: 22e34bb4eaad79d1d1f740f8a4781503878380bd:
DEBUG: ran git fetch --unshallow origin b771b4735e78215203769c7c197d917bef1bb794: 22e34bb4eaad79d1d1f740f8a4781503878380bd: in 
DEBUG: LC_ALL=C JX_LOG_LEVEL=error git branch
DEBUG: LC_ALL=C JX_LOG_LEVEL=error git checkout master
DEBUG: ran git checkout master in 
DEBUG: JX_LOG_LEVEL=error LC_ALL=C git reset --hard 22e34bb4eaad79d1d1f740f8a4781503878380bd
DEBUG: ran git reset --hard 22e34bb4eaad79d1d1f740f8a4781503878380bd in 
DEBUG: LC_ALL=C JX_LOG_LEVEL=error git clean -fd .
DEBUG: ran clean --force -d . in 
DEBUG: LC_ALL=C JX_LOG_LEVEL=error git merge b771b4735e78215203769c7c197d917bef1bb794
DEBUG: ran git merge b771b4735e78215203769c7c197d917bef1bb794 in 
DEBUG: LC_ALL=C JX_LOG_LEVEL=error git log --format=%H%x1f%an%x1f%ae%x1f%cn%x1f%ce%x1f%s%n%b%x1e 22e34bb4eaad79d1d1f740f8a4781503878380bd..HEAD
Merged SHA b771b4735e78215203769c7c197d917bef1bb794 with commit message 'chore: Promote api to version 0.0.12' into base branch master

Showing logs for build [32mbeethub-environment-beet-k8s-1-fsfvg-1[0m stage [32mfrom-build-pack[0m and container [32mstep-build-helm-build[0m
WARNING: No $CHART_REPOSITORY defined so using the default value of: http://jenkins-x-chartmuseum:8080
Adding missing Helm repo: storage.googleapis.com https://storage.googleapis.com/chartmuseum.jenkins-x.io
Successfully added Helm repository storage.googleapis.com.
Adding missing Helm repo: jenkins-x-chartmuseum http://jenkins-x-chartmuseum:8080
Successfully added Helm repository jenkins-x-chartmuseum.
WARNING: No $CHART_REPOSITORY defined so using the default value of: http://jenkins-x-chartmuseum:8080
Adding missing Helm repo: chartmuseum.jenkins-x.io http://chartmuseum.jenkins-x.io
Successfully added Helm repository chartmuseum.jenkins-x.io.
Adding missing Helm repo: codecentric.github.io https://codecentric.github.io/helm-charts
Successfully added Helm repository codecentric.github.io.
