
Showing logs for build [32mbeethub-environment-beet-k8s-1-wqsrl-1[0m stage [32mfrom-build-pack[0m and container [32mstep-credential-initializer-g5zv9[0m
{"level":"warn","ts":1588817616.3133698,"logger":"fallback-logger","caller":"logging/config.go:69","msg":"Fetch GitHub commit ID from kodata failed: \"ref: refs/heads/0.8.0-**-support-backwards-incompats\" is not a valid GitHub commit ID"}
{"level":"info","ts":1588817616.31374,"logger":"fallback-logger","caller":"creds-init/main.go:40","msg":"Credentials initialized."}

Showing logs for build [32mbeethub-environment-beet-k8s-1-wqsrl-1[0m stage [32mfrom-build-pack[0m and container [32mstep-working-dir-initializer-xcq4k[0m
{"level":"warn","ts":1588817617.2299318,"logger":"fallback-logger","caller":"logging/config.go:69","msg":"Fetch GitHub commit ID from kodata failed: open /var/run/ko/HEAD: no such file or directory"}
{"level":"info","ts":1588817617.2307644,"logger":"fallback-logger","caller":"bash/main.go:64","msg":"Successfully executed command \"sh -c mkdir -p /workspace/source\"; output "}

Showing logs for build [32mbeethub-environment-beet-k8s-1-wqsrl-1[0m stage [32mfrom-build-pack[0m and container [32mstep-place-tools[0m

Showing logs for build [32mbeethub-environment-beet-k8s-1-wqsrl-1[0m stage [32mfrom-build-pack[0m and container [32mstep-git-source-beethub-environment-beet-k8s-1-wqsrl-bx92w[0m
{"level":"warn","ts":1588817621.2963006,"logger":"fallback-logger","caller":"logging/config.go:69","msg":"Fetch GitHub commit ID from kodata failed: \"ref: refs/heads/0.8.0-**-support-backwards-incompats\" is not a valid GitHub commit ID"}
{"level":"info","ts":1588817621.558743,"logger":"fallback-logger","caller":"git/git.go:103","msg":"Successfully cloned https://github.com/beethub/environment-beet-k8s-1-staging.git @ master in path /workspace/source"}

Showing logs for build [32mbeethub-environment-beet-k8s-1-wqsrl-1[0m stage [32mfrom-build-pack[0m and container [32mstep-git-merge[0m
Using SHAs from PULL_REFS=master:768f408ef0dad64e316b727961b38de03d8c887d,41:412b333c0e67c492c6414b3a8de1c0441a16eb9e
DEBUG: LC_ALL=C JX_LOG_LEVEL=error git fetch origin --unshallow 412b333c0e67c492c6414b3a8de1c0441a16eb9e: 768f408ef0dad64e316b727961b38de03d8c887d:
DEBUG: ran git fetch --unshallow origin 412b333c0e67c492c6414b3a8de1c0441a16eb9e: 768f408ef0dad64e316b727961b38de03d8c887d: in 
DEBUG: LC_ALL=C JX_LOG_LEVEL=error git branch
DEBUG: LC_ALL=C JX_LOG_LEVEL=error git checkout master
DEBUG: ran git checkout master in 
DEBUG: LC_ALL=C JX_LOG_LEVEL=error git reset --hard 768f408ef0dad64e316b727961b38de03d8c887d
DEBUG: ran git reset --hard 768f408ef0dad64e316b727961b38de03d8c887d in 
DEBUG: LC_ALL=C JX_LOG_LEVEL=error git clean -fd .
DEBUG: ran clean --force -d . in 
DEBUG: LC_ALL=C JX_LOG_LEVEL=error git merge 412b333c0e67c492c6414b3a8de1c0441a16eb9e
DEBUG: ran git merge 412b333c0e67c492c6414b3a8de1c0441a16eb9e in 
DEBUG: LC_ALL=C JX_LOG_LEVEL=error git log --format=%H%x1f%an%x1f%ae%x1f%cn%x1f%ce%x1f%s%n%b%x1e 768f408ef0dad64e316b727961b38de03d8c887d..HEAD
Merged SHA 412b333c0e67c492c6414b3a8de1c0441a16eb9e with commit message 'chore: Promote beet to version 0.0.15' into base branch master

Showing logs for build [32mbeethub-environment-beet-k8s-1-wqsrl-1[0m stage [32mfrom-build-pack[0m and container [32mstep-build-helm-build[0m
WARNING: No $CHART_REPOSITORY defined so using the default value of: http://jenkins-x-chartmuseum:8080
Adding missing Helm repo: storage.googleapis.com https://storage.googleapis.com/chartmuseum.jenkins-x.io
Successfully added Helm repository storage.googleapis.com.
Adding missing Helm repo: jenkins-x-chartmuseum http://jenkins-x-chartmuseum:8080
Successfully added Helm repository jenkins-x-chartmuseum.
WARNING: No $CHART_REPOSITORY defined so using the default value of: http://jenkins-x-chartmuseum:8080
Adding missing Helm repo: chartmuseum.jenkins-x.io http://chartmuseum.jenkins-x.io
Successfully added Helm repository chartmuseum.jenkins-x.io.
Adding missing Helm repo: codecentric.github.io https://codecentric.github.io/helm-charts
Successfully added Helm repository codecentric.github.io.
