
Showing logs for build [32mbeethub-environment-beet-k8s-1-84k6d-1[0m stage [32mfrom-build-pack[0m and container [32mstep-credential-initializer-mx89s[0m
{"level":"warn","ts":1584125369.7064428,"logger":"fallback-logger","caller":"logging/config.go:69","msg":"Fetch GitHub commit ID from kodata failed: \"ref: refs/heads/0.8.0-**-support-backwards-incompats\" is not a valid GitHub commit ID"}
{"level":"info","ts":1584125369.7069294,"logger":"fallback-logger","caller":"creds-init/main.go:40","msg":"Credentials initialized."}

Showing logs for build [32mbeethub-environment-beet-k8s-1-84k6d-1[0m stage [32mfrom-build-pack[0m and container [32mstep-working-dir-initializer-x78z7[0m
{"level":"warn","ts":1584125370.5766716,"logger":"fallback-logger","caller":"logging/config.go:69","msg":"Fetch GitHub commit ID from kodata failed: open /var/run/ko/HEAD: no such file or directory"}
{"level":"info","ts":1584125370.5793517,"logger":"fallback-logger","caller":"bash/main.go:64","msg":"Successfully executed command \"sh -c mkdir -p /workspace/source\"; output "}

Showing logs for build [32mbeethub-environment-beet-k8s-1-84k6d-1[0m stage [32mfrom-build-pack[0m and container [32mstep-place-tools[0m

Showing logs for build [32mbeethub-environment-beet-k8s-1-84k6d-1[0m stage [32mfrom-build-pack[0m and container [32mstep-git-source-beethub-environment-beet-k8s-1-84k6d-dkcdq[0m
{"level":"warn","ts":1584125409.7895715,"logger":"fallback-logger","caller":"logging/config.go:69","msg":"Fetch GitHub commit ID from kodata failed: \"ref: refs/heads/0.8.0-**-support-backwards-incompats\" is not a valid GitHub commit ID"}
{"level":"info","ts":1584125410.1298974,"logger":"fallback-logger","caller":"git/git.go:103","msg":"Successfully cloned https://github.com/beethub/environment-beet-k8s-1-staging.git @ master in path /workspace/source"}

Showing logs for build [32mbeethub-environment-beet-k8s-1-84k6d-1[0m stage [32mfrom-build-pack[0m and container [32mstep-git-merge[0m
Using SHAs from PULL_REFS=master:dfbe2713889c9ec2c49d8d943972ef0d2157f505,1:40553bf7d0142aa135fa1d3c3f4e654f55e3ec68
DEBUG: LC_ALL=C JX_LOG_LEVEL=error git fetch origin --unshallow 40553bf7d0142aa135fa1d3c3f4e654f55e3ec68: dfbe2713889c9ec2c49d8d943972ef0d2157f505:
DEBUG: ran git fetch --unshallow origin 40553bf7d0142aa135fa1d3c3f4e654f55e3ec68: dfbe2713889c9ec2c49d8d943972ef0d2157f505: in 
DEBUG: LC_ALL=C JX_LOG_LEVEL=error git branch
DEBUG: JX_LOG_LEVEL=error LC_ALL=C git checkout master
DEBUG: ran git checkout master in 
DEBUG: LC_ALL=C JX_LOG_LEVEL=error git reset --hard dfbe2713889c9ec2c49d8d943972ef0d2157f505
DEBUG: ran git reset --hard dfbe2713889c9ec2c49d8d943972ef0d2157f505 in 
DEBUG: LC_ALL=C JX_LOG_LEVEL=error git clean -fd .
DEBUG: ran clean --force -d . in 
DEBUG: LC_ALL=C JX_LOG_LEVEL=error git merge 40553bf7d0142aa135fa1d3c3f4e654f55e3ec68
DEBUG: ran git merge 40553bf7d0142aa135fa1d3c3f4e654f55e3ec68 in 
DEBUG: LC_ALL=C JX_LOG_LEVEL=error git log --format=%H%x1f%an%x1f%ae%x1f%cn%x1f%ce%x1f%s%n%b%x1e dfbe2713889c9ec2c49d8d943972ef0d2157f505..HEAD
Merged SHA 40553bf7d0142aa135fa1d3c3f4e654f55e3ec68 with commit message 'chore: Promote receipt-api to version 0.0.4' into base branch master

Showing logs for build [32mbeethub-environment-beet-k8s-1-84k6d-1[0m stage [32mfrom-build-pack[0m and container [32mstep-build-helm-build[0m
WARNING: No $CHART_REPOSITORY defined so using the default value of: http://jenkins-x-chartmuseum:8080
Adding missing Helm repo: storage.googleapis.com https://storage.googleapis.com/chartmuseum.jenkins-x.io
Successfully added Helm repository storage.googleapis.com.
Adding missing Helm repo: jenkins-x-chartmuseum http://jenkins-x-chartmuseum:8080
Successfully added Helm repository jenkins-x-chartmuseum.
WARNING: No $CHART_REPOSITORY defined so using the default value of: http://jenkins-x-chartmuseum:8080
Adding missing Helm repo: chartmuseum.jenkins-x.io http://chartmuseum.jenkins-x.io
Successfully added Helm repository chartmuseum.jenkins-x.io.
