
Showing logs for build [32mbeethub-environment-beet-k8s-1-2hhbw-1[0m stage [32mfrom-build-pack[0m and container [32mstep-credential-initializer-hfktn[0m
{"level":"warn","ts":1587935726.2267258,"logger":"fallback-logger","caller":"logging/config.go:69","msg":"Fetch GitHub commit ID from kodata failed: \"ref: refs/heads/0.8.0-**-support-backwards-incompats\" is not a valid GitHub commit ID"}
{"level":"info","ts":1587935726.2270186,"logger":"fallback-logger","caller":"creds-init/main.go:40","msg":"Credentials initialized."}

Showing logs for build [32mbeethub-environment-beet-k8s-1-2hhbw-1[0m stage [32mfrom-build-pack[0m and container [32mstep-working-dir-initializer-jd77g[0m
{"level":"warn","ts":1587935727.2189977,"logger":"fallback-logger","caller":"logging/config.go:69","msg":"Fetch GitHub commit ID from kodata failed: open /var/run/ko/HEAD: no such file or directory"}
{"level":"info","ts":1587935727.2199464,"logger":"fallback-logger","caller":"bash/main.go:64","msg":"Successfully executed command \"sh -c mkdir -p /workspace/source\"; output "}

Showing logs for build [32mbeethub-environment-beet-k8s-1-2hhbw-1[0m stage [32mfrom-build-pack[0m and container [32mstep-place-tools[0m

Showing logs for build [32mbeethub-environment-beet-k8s-1-2hhbw-1[0m stage [32mfrom-build-pack[0m and container [32mstep-git-source-beethub-environment-beet-k8s-1-2hhbw-tcrrg[0m
{"level":"warn","ts":1587935732.310486,"logger":"fallback-logger","caller":"logging/config.go:69","msg":"Fetch GitHub commit ID from kodata failed: \"ref: refs/heads/0.8.0-**-support-backwards-incompats\" is not a valid GitHub commit ID"}
{"level":"info","ts":1587935732.58131,"logger":"fallback-logger","caller":"git/git.go:103","msg":"Successfully cloned https://github.com/beethub/environment-beet-k8s-1-staging.git @ master in path /workspace/source"}

Showing logs for build [32mbeethub-environment-beet-k8s-1-2hhbw-1[0m stage [32mfrom-build-pack[0m and container [32mstep-git-merge[0m
Using SHAs from PULL_REFS=master:36f5f3eae310996f065fea019f9012bb9d878b97,36:4ae03e384e45927537550c29b19eb7892428f474
DEBUG: LC_ALL=C JX_LOG_LEVEL=error git fetch origin --unshallow 4ae03e384e45927537550c29b19eb7892428f474: 36f5f3eae310996f065fea019f9012bb9d878b97:
DEBUG: ran git fetch --unshallow origin 4ae03e384e45927537550c29b19eb7892428f474: 36f5f3eae310996f065fea019f9012bb9d878b97: in 
DEBUG: LC_ALL=C JX_LOG_LEVEL=error git branch
DEBUG: LC_ALL=C JX_LOG_LEVEL=error git checkout master
DEBUG: ran git checkout master in 
DEBUG: LC_ALL=C JX_LOG_LEVEL=error git reset --hard 36f5f3eae310996f065fea019f9012bb9d878b97
DEBUG: ran git reset --hard 36f5f3eae310996f065fea019f9012bb9d878b97 in 
DEBUG: LC_ALL=C JX_LOG_LEVEL=error git clean -fd .
DEBUG: ran clean --force -d . in 
DEBUG: JX_LOG_LEVEL=error LC_ALL=C git merge 4ae03e384e45927537550c29b19eb7892428f474
DEBUG: ran git merge 4ae03e384e45927537550c29b19eb7892428f474 in 
DEBUG: LC_ALL=C JX_LOG_LEVEL=error git log --format=%H%x1f%an%x1f%ae%x1f%cn%x1f%ce%x1f%s%n%b%x1e 36f5f3eae310996f065fea019f9012bb9d878b97..HEAD
Merged SHA 4ae03e384e45927537550c29b19eb7892428f474 with commit message 'chore: Promote beet to version 0.0.13' into base branch master

Showing logs for build [32mbeethub-environment-beet-k8s-1-2hhbw-1[0m stage [32mfrom-build-pack[0m and container [32mstep-build-helm-build[0m
WARNING: No $CHART_REPOSITORY defined so using the default value of: http://jenkins-x-chartmuseum:8080
Adding missing Helm repo: storage.googleapis.com https://storage.googleapis.com/chartmuseum.jenkins-x.io
Successfully added Helm repository storage.googleapis.com.
Adding missing Helm repo: jenkins-x-chartmuseum http://jenkins-x-chartmuseum:8080
Successfully added Helm repository jenkins-x-chartmuseum.
WARNING: No $CHART_REPOSITORY defined so using the default value of: http://jenkins-x-chartmuseum:8080
Adding missing Helm repo: chartmuseum.jenkins-x.io http://chartmuseum.jenkins-x.io
Successfully added Helm repository chartmuseum.jenkins-x.io.
Adding missing Helm repo: codecentric.github.io https://codecentric.github.io/helm-charts
Successfully added Helm repository codecentric.github.io.
