
Showing logs for build [32mbeethub-environment-beet-k8s-1-b7wws-1[0m stage [32mfrom-build-pack[0m and container [32mstep-credential-initializer-6jmv8[0m
{"level":"warn","ts":1589843749.0733914,"logger":"fallback-logger","caller":"logging/config.go:69","msg":"Fetch GitHub commit ID from kodata failed: \"ref: refs/heads/0.8.0-**-support-backwards-incompats\" is not a valid GitHub commit ID"}
{"level":"info","ts":1589843749.0738826,"logger":"fallback-logger","caller":"creds-init/main.go:40","msg":"Credentials initialized."}

Showing logs for build [32mbeethub-environment-beet-k8s-1-b7wws-1[0m stage [32mfrom-build-pack[0m and container [32mstep-working-dir-initializer-hjx4h[0m
{"level":"warn","ts":1589843749.977049,"logger":"fallback-logger","caller":"logging/config.go:69","msg":"Fetch GitHub commit ID from kodata failed: open /var/run/ko/HEAD: no such file or directory"}
{"level":"info","ts":1589843749.9801455,"logger":"fallback-logger","caller":"bash/main.go:64","msg":"Successfully executed command \"sh -c mkdir -p /workspace/source\"; output "}

Showing logs for build [32mbeethub-environment-beet-k8s-1-b7wws-1[0m stage [32mfrom-build-pack[0m and container [32mstep-place-tools[0m

Showing logs for build [32mbeethub-environment-beet-k8s-1-b7wws-1[0m stage [32mfrom-build-pack[0m and container [32mstep-git-source-beethub-environment-beet-k8s-1-b7wws-45kvh[0m
{"level":"warn","ts":1589843753.0718153,"logger":"fallback-logger","caller":"logging/config.go:69","msg":"Fetch GitHub commit ID from kodata failed: \"ref: refs/heads/0.8.0-**-support-backwards-incompats\" is not a valid GitHub commit ID"}
{"level":"info","ts":1589843753.370501,"logger":"fallback-logger","caller":"git/git.go:103","msg":"Successfully cloned https://github.com/beethub/environment-beet-k8s-1-staging.git @ master in path /workspace/source"}

Showing logs for build [32mbeethub-environment-beet-k8s-1-b7wws-1[0m stage [32mfrom-build-pack[0m and container [32mstep-git-merge[0m
Using SHAs from PULL_REFS=master:31ff201c9ca148b72a5ed42a6d1665425dfac07d,45:7dd8cc36c45a78864f7f5b1f9be9a0e47672034c
DEBUG: LC_ALL=C JX_LOG_LEVEL=error git fetch origin --unshallow 7dd8cc36c45a78864f7f5b1f9be9a0e47672034c: 31ff201c9ca148b72a5ed42a6d1665425dfac07d:
DEBUG: ran git fetch --unshallow origin 7dd8cc36c45a78864f7f5b1f9be9a0e47672034c: 31ff201c9ca148b72a5ed42a6d1665425dfac07d: in 
DEBUG: LC_ALL=C JX_LOG_LEVEL=error git branch
DEBUG: LC_ALL=C JX_LOG_LEVEL=error git checkout master
DEBUG: ran git checkout master in 
DEBUG: JX_LOG_LEVEL=error LC_ALL=C git reset --hard 31ff201c9ca148b72a5ed42a6d1665425dfac07d
DEBUG: ran git reset --hard 31ff201c9ca148b72a5ed42a6d1665425dfac07d in 
DEBUG: LC_ALL=C JX_LOG_LEVEL=error git clean -fd .
DEBUG: ran clean --force -d . in 
DEBUG: LC_ALL=C JX_LOG_LEVEL=error git merge 7dd8cc36c45a78864f7f5b1f9be9a0e47672034c
DEBUG: ran git merge 7dd8cc36c45a78864f7f5b1f9be9a0e47672034c in 
DEBUG: JX_LOG_LEVEL=error LC_ALL=C git log --format=%H%x1f%an%x1f%ae%x1f%cn%x1f%ce%x1f%s%n%b%x1e 31ff201c9ca148b72a5ed42a6d1665425dfac07d..HEAD
Merged SHA 7dd8cc36c45a78864f7f5b1f9be9a0e47672034c with commit message 'chore: Promote api to version 0.0.19' into base branch master

Showing logs for build [32mbeethub-environment-beet-k8s-1-b7wws-1[0m stage [32mfrom-build-pack[0m and container [32mstep-build-helm-build[0m
WARNING: No $CHART_REPOSITORY defined so using the default value of: http://jenkins-x-chartmuseum:8080
Adding missing Helm repo: storage.googleapis.com https://storage.googleapis.com/chartmuseum.jenkins-x.io
Successfully added Helm repository storage.googleapis.com.
Adding missing Helm repo: jenkins-x-chartmuseum http://jenkins-x-chartmuseum:8080
Successfully added Helm repository jenkins-x-chartmuseum.
WARNING: No $CHART_REPOSITORY defined so using the default value of: http://jenkins-x-chartmuseum:8080
Adding missing Helm repo: chartmuseum.jenkins-x.io http://chartmuseum.jenkins-x.io
Successfully added Helm repository chartmuseum.jenkins-x.io.
Adding missing Helm repo: codecentric.github.io https://codecentric.github.io/helm-charts
Successfully added Helm repository codecentric.github.io.
