
Showing logs for build [32mbeethub-environment-beet-k8s-1-rzsdd-1[0m stage [32mfrom-build-pack[0m and container [32mstep-credential-initializer-22vs2[0m
{"level":"warn","ts":1589391448.1188364,"logger":"fallback-logger","caller":"logging/config.go:69","msg":"Fetch GitHub commit ID from kodata failed: \"ref: refs/heads/0.8.0-**-support-backwards-incompats\" is not a valid GitHub commit ID"}
{"level":"info","ts":1589391448.1191013,"logger":"fallback-logger","caller":"creds-init/main.go:40","msg":"Credentials initialized."}

Showing logs for build [32mbeethub-environment-beet-k8s-1-rzsdd-1[0m stage [32mfrom-build-pack[0m and container [32mstep-working-dir-initializer-xcccc[0m
{"level":"warn","ts":1589391448.8619485,"logger":"fallback-logger","caller":"logging/config.go:69","msg":"Fetch GitHub commit ID from kodata failed: open /var/run/ko/HEAD: no such file or directory"}
{"level":"info","ts":1589391448.8634722,"logger":"fallback-logger","caller":"bash/main.go:64","msg":"Successfully executed command \"sh -c mkdir -p /workspace/source\"; output "}

Showing logs for build [32mbeethub-environment-beet-k8s-1-rzsdd-1[0m stage [32mfrom-build-pack[0m and container [32mstep-place-tools[0m

Showing logs for build [32mbeethub-environment-beet-k8s-1-rzsdd-1[0m stage [32mfrom-build-pack[0m and container [32mstep-git-source-beethub-environment-beet-k8s-1-rzsdd-vm2bz[0m
{"level":"warn","ts":1589391451.9553363,"logger":"fallback-logger","caller":"logging/config.go:69","msg":"Fetch GitHub commit ID from kodata failed: \"ref: refs/heads/0.8.0-**-support-backwards-incompats\" is not a valid GitHub commit ID"}
{"level":"info","ts":1589391452.2064164,"logger":"fallback-logger","caller":"git/git.go:103","msg":"Successfully cloned https://github.com/beethub/environment-beet-k8s-1-staging.git @ master in path /workspace/source"}

Showing logs for build [32mbeethub-environment-beet-k8s-1-rzsdd-1[0m stage [32mfrom-build-pack[0m and container [32mstep-git-merge[0m
Using SHAs from PULL_REFS=master:bbb350eada93f9894d100ccdd0e98de5b7c4a03a,43:12a90d6462cc24936a412814d80169d3aefc0ee8
DEBUG: LC_ALL=C JX_LOG_LEVEL=error git fetch origin --unshallow 12a90d6462cc24936a412814d80169d3aefc0ee8: bbb350eada93f9894d100ccdd0e98de5b7c4a03a:
DEBUG: ran git fetch --unshallow origin 12a90d6462cc24936a412814d80169d3aefc0ee8: bbb350eada93f9894d100ccdd0e98de5b7c4a03a: in 
DEBUG: LC_ALL=C JX_LOG_LEVEL=error git branch
DEBUG: LC_ALL=C JX_LOG_LEVEL=error git checkout master
DEBUG: ran git checkout master in 
DEBUG: JX_LOG_LEVEL=error LC_ALL=C git reset --hard bbb350eada93f9894d100ccdd0e98de5b7c4a03a
DEBUG: ran git reset --hard bbb350eada93f9894d100ccdd0e98de5b7c4a03a in 
DEBUG: JX_LOG_LEVEL=error LC_ALL=C git clean -fd .
DEBUG: ran clean --force -d . in 
DEBUG: LC_ALL=C JX_LOG_LEVEL=error git merge 12a90d6462cc24936a412814d80169d3aefc0ee8
DEBUG: ran git merge 12a90d6462cc24936a412814d80169d3aefc0ee8 in 
DEBUG: LC_ALL=C JX_LOG_LEVEL=error git log --format=%H%x1f%an%x1f%ae%x1f%cn%x1f%ce%x1f%s%n%b%x1e bbb350eada93f9894d100ccdd0e98de5b7c4a03a..HEAD
Merged SHA 12a90d6462cc24936a412814d80169d3aefc0ee8 with commit message 'chore: Promote beet to version 0.0.17' into base branch master

Showing logs for build [32mbeethub-environment-beet-k8s-1-rzsdd-1[0m stage [32mfrom-build-pack[0m and container [32mstep-build-helm-build[0m
WARNING: No $CHART_REPOSITORY defined so using the default value of: http://jenkins-x-chartmuseum:8080
Adding missing Helm repo: storage.googleapis.com https://storage.googleapis.com/chartmuseum.jenkins-x.io
Successfully added Helm repository storage.googleapis.com.
Adding missing Helm repo: jenkins-x-chartmuseum http://jenkins-x-chartmuseum:8080
Successfully added Helm repository jenkins-x-chartmuseum.
WARNING: No $CHART_REPOSITORY defined so using the default value of: http://jenkins-x-chartmuseum:8080
Adding missing Helm repo: chartmuseum.jenkins-x.io http://chartmuseum.jenkins-x.io
Successfully added Helm repository chartmuseum.jenkins-x.io.
Adding missing Helm repo: codecentric.github.io https://codecentric.github.io/helm-charts
Successfully added Helm repository codecentric.github.io.
