
Showing logs for build [32mbeethub-environment-beet-k8s-1-h4j6g-1[0m stage [32mfrom-build-pack[0m and container [32mstep-credential-initializer-6wgn2[0m
{"level":"warn","ts":1585796444.625109,"logger":"fallback-logger","caller":"logging/config.go:69","msg":"Fetch GitHub commit ID from kodata failed: \"ref: refs/heads/0.8.0-**-support-backwards-incompats\" is not a valid GitHub commit ID"}
{"level":"info","ts":1585796444.6281347,"logger":"fallback-logger","caller":"creds-init/main.go:40","msg":"Credentials initialized."}

Showing logs for build [32mbeethub-environment-beet-k8s-1-h4j6g-1[0m stage [32mfrom-build-pack[0m and container [32mstep-working-dir-initializer-t4ktw[0m
{"level":"warn","ts":1585796445.0780876,"logger":"fallback-logger","caller":"logging/config.go:69","msg":"Fetch GitHub commit ID from kodata failed: open /var/run/ko/HEAD: no such file or directory"}
{"level":"info","ts":1585796445.0839345,"logger":"fallback-logger","caller":"bash/main.go:64","msg":"Successfully executed command \"sh -c mkdir -p /workspace/source\"; output "}

Showing logs for build [32mbeethub-environment-beet-k8s-1-h4j6g-1[0m stage [32mfrom-build-pack[0m and container [32mstep-place-tools[0m

Showing logs for build [32mbeethub-environment-beet-k8s-1-h4j6g-1[0m stage [32mfrom-build-pack[0m and container [32mstep-git-source-beethub-environment-beet-k8s-1-h4j6g-4zxfz[0m
{"level":"warn","ts":1585796449.1549823,"logger":"fallback-logger","caller":"logging/config.go:69","msg":"Fetch GitHub commit ID from kodata failed: \"ref: refs/heads/0.8.0-**-support-backwards-incompats\" is not a valid GitHub commit ID"}
{"level":"info","ts":1585796449.4056988,"logger":"fallback-logger","caller":"git/git.go:103","msg":"Successfully cloned https://github.com/beethub/environment-beet-k8s-1-staging.git @ master in path /workspace/source"}

Showing logs for build [32mbeethub-environment-beet-k8s-1-h4j6g-1[0m stage [32mfrom-build-pack[0m and container [32mstep-git-merge[0m
Using SHAs from PULL_REFS=master:166a113f871ea4c99784bb2818dc2229ea16b11e,13:81690738f24f3a31001ff40ad931e3d9fe95cf9f
DEBUG: LC_ALL=C JX_LOG_LEVEL=error git fetch origin --unshallow 81690738f24f3a31001ff40ad931e3d9fe95cf9f: 166a113f871ea4c99784bb2818dc2229ea16b11e:
DEBUG: ran git fetch --unshallow origin 81690738f24f3a31001ff40ad931e3d9fe95cf9f: 166a113f871ea4c99784bb2818dc2229ea16b11e: in 
DEBUG: LC_ALL=C JX_LOG_LEVEL=error git branch
DEBUG: LC_ALL=C JX_LOG_LEVEL=error git checkout master
DEBUG: ran git checkout master in 
DEBUG: LC_ALL=C JX_LOG_LEVEL=error git reset --hard 166a113f871ea4c99784bb2818dc2229ea16b11e
DEBUG: ran git reset --hard 166a113f871ea4c99784bb2818dc2229ea16b11e in 
DEBUG: LC_ALL=C JX_LOG_LEVEL=error git clean -fd .
DEBUG: ran clean --force -d . in 
DEBUG: LC_ALL=C JX_LOG_LEVEL=error git merge 81690738f24f3a31001ff40ad931e3d9fe95cf9f
DEBUG: ran git merge 81690738f24f3a31001ff40ad931e3d9fe95cf9f in 
DEBUG: JX_LOG_LEVEL=error LC_ALL=C git log --format=%H%x1f%an%x1f%ae%x1f%cn%x1f%ce%x1f%s%n%b%x1e 166a113f871ea4c99784bb2818dc2229ea16b11e..HEAD
Merged SHA 81690738f24f3a31001ff40ad931e3d9fe95cf9f with commit message 'chore: Promote beet to version 0.0.4' into base branch master

Showing logs for build [32mbeethub-environment-beet-k8s-1-h4j6g-1[0m stage [32mfrom-build-pack[0m and container [32mstep-build-helm-build[0m
WARNING: No $CHART_REPOSITORY defined so using the default value of: http://jenkins-x-chartmuseum:8080
Adding missing Helm repo: storage.googleapis.com https://storage.googleapis.com/chartmuseum.jenkins-x.io
Successfully added Helm repository storage.googleapis.com.
Adding missing Helm repo: jenkins-x-chartmuseum http://jenkins-x-chartmuseum:8080
Successfully added Helm repository jenkins-x-chartmuseum.
WARNING: No $CHART_REPOSITORY defined so using the default value of: http://jenkins-x-chartmuseum:8080
Adding missing Helm repo: chartmuseum.jenkins-x.io http://chartmuseum.jenkins-x.io
Successfully added Helm repository chartmuseum.jenkins-x.io.
Adding missing Helm repo: codecentric.github.io https://codecentric.github.io/helm-charts
Successfully added Helm repository codecentric.github.io.
