
Showing logs for build [32mbeethub-environment-beet-k8s-1-vm5fj-1[0m stage [32mfrom-build-pack[0m and container [32mstep-credential-initializer-9mqgk[0m
{"level":"warn","ts":1587932829.0071187,"logger":"fallback-logger","caller":"logging/config.go:69","msg":"Fetch GitHub commit ID from kodata failed: \"ref: refs/heads/0.8.0-**-support-backwards-incompats\" is not a valid GitHub commit ID"}
{"level":"info","ts":1587932829.0074975,"logger":"fallback-logger","caller":"creds-init/main.go:40","msg":"Credentials initialized."}

Showing logs for build [32mbeethub-environment-beet-k8s-1-vm5fj-1[0m stage [32mfrom-build-pack[0m and container [32mstep-working-dir-initializer-zs858[0m
{"level":"warn","ts":1587932829.7891982,"logger":"fallback-logger","caller":"logging/config.go:69","msg":"Fetch GitHub commit ID from kodata failed: open /var/run/ko/HEAD: no such file or directory"}
{"level":"info","ts":1587932829.7907274,"logger":"fallback-logger","caller":"bash/main.go:64","msg":"Successfully executed command \"sh -c mkdir -p /workspace/source\"; output "}

Showing logs for build [32mbeethub-environment-beet-k8s-1-vm5fj-1[0m stage [32mfrom-build-pack[0m and container [32mstep-place-tools[0m

Showing logs for build [32mbeethub-environment-beet-k8s-1-vm5fj-1[0m stage [32mfrom-build-pack[0m and container [32mstep-git-source-beethub-environment-beet-k8s-1-vm5fj-mpjhs[0m
{"level":"warn","ts":1587932832.8804646,"logger":"fallback-logger","caller":"logging/config.go:69","msg":"Fetch GitHub commit ID from kodata failed: \"ref: refs/heads/0.8.0-**-support-backwards-incompats\" is not a valid GitHub commit ID"}
{"level":"info","ts":1587932833.1590993,"logger":"fallback-logger","caller":"git/git.go:103","msg":"Successfully cloned https://github.com/beethub/environment-beet-k8s-1-staging.git @ master in path /workspace/source"}

Showing logs for build [32mbeethub-environment-beet-k8s-1-vm5fj-1[0m stage [32mfrom-build-pack[0m and container [32mstep-git-merge[0m
Using SHAs from PULL_REFS=master:547ec123f783ce37bebfb64e3d819d1b25ea02d9,35:47d6c707b834cbd4e38a98db4b02a0f82b5fcc61
DEBUG: JX_LOG_LEVEL=error LC_ALL=C git fetch origin --unshallow 47d6c707b834cbd4e38a98db4b02a0f82b5fcc61: 547ec123f783ce37bebfb64e3d819d1b25ea02d9:
DEBUG: ran git fetch --unshallow origin 47d6c707b834cbd4e38a98db4b02a0f82b5fcc61: 547ec123f783ce37bebfb64e3d819d1b25ea02d9: in 
DEBUG: LC_ALL=C JX_LOG_LEVEL=error git branch
DEBUG: LC_ALL=C JX_LOG_LEVEL=error git checkout master
DEBUG: ran git checkout master in 
DEBUG: LC_ALL=C JX_LOG_LEVEL=error git reset --hard 547ec123f783ce37bebfb64e3d819d1b25ea02d9
DEBUG: ran git reset --hard 547ec123f783ce37bebfb64e3d819d1b25ea02d9 in 
DEBUG: LC_ALL=C JX_LOG_LEVEL=error git clean -fd .
DEBUG: ran clean --force -d . in 
DEBUG: LC_ALL=C JX_LOG_LEVEL=error git merge 47d6c707b834cbd4e38a98db4b02a0f82b5fcc61
DEBUG: ran git merge 47d6c707b834cbd4e38a98db4b02a0f82b5fcc61 in 
DEBUG: LC_ALL=C JX_LOG_LEVEL=error git log --format=%H%x1f%an%x1f%ae%x1f%cn%x1f%ce%x1f%s%n%b%x1e 547ec123f783ce37bebfb64e3d819d1b25ea02d9..HEAD
Merged SHA 47d6c707b834cbd4e38a98db4b02a0f82b5fcc61 with commit message 'chore: Promote api to version 0.0.14' into base branch master

Showing logs for build [32mbeethub-environment-beet-k8s-1-vm5fj-1[0m stage [32mfrom-build-pack[0m and container [32mstep-build-helm-build[0m
WARNING: No $CHART_REPOSITORY defined so using the default value of: http://jenkins-x-chartmuseum:8080
Adding missing Helm repo: storage.googleapis.com https://storage.googleapis.com/chartmuseum.jenkins-x.io
Successfully added Helm repository storage.googleapis.com.
Adding missing Helm repo: jenkins-x-chartmuseum http://jenkins-x-chartmuseum:8080
Successfully added Helm repository jenkins-x-chartmuseum.
WARNING: No $CHART_REPOSITORY defined so using the default value of: http://jenkins-x-chartmuseum:8080
Adding missing Helm repo: chartmuseum.jenkins-x.io http://chartmuseum.jenkins-x.io
Successfully added Helm repository chartmuseum.jenkins-x.io.
Adding missing Helm repo: codecentric.github.io https://codecentric.github.io/helm-charts
Successfully added Helm repository codecentric.github.io.
