
Showing logs for build [32mbeethub-environment-beet-k8s-1-66rft-1[0m stage [32mfrom-build-pack[0m and container [32mstep-credential-initializer-zxgcq[0m
{"level":"info","ts":1592680831.6928647,"logger":"fallback-logger","caller":"logging/config.go:69","msg":"Fetch GitHub commit ID from kodata failed: open /var/run/ko/refs/heads/0.8.0-ns-support: no such file or directory"}
{"level":"info","ts":1592680831.6932535,"logger":"fallback-logger","caller":"creds-init/main.go:40","msg":"Credentials initialized."}

Showing logs for build [32mbeethub-environment-beet-k8s-1-66rft-1[0m stage [32mfrom-build-pack[0m and container [32mstep-working-dir-initializer-v24wp[0m
{"level":"info","ts":1592680832.9521518,"logger":"fallback-logger","caller":"logging/config.go:69","msg":"Fetch GitHub commit ID from kodata failed: open /var/run/ko/HEAD: no such file or directory"}
{"level":"info","ts":1592680832.9581413,"logger":"fallback-logger","caller":"bash/main.go:64","msg":"Successfully executed command \"sh -c mkdir -p /workspace/source\"; output "}

Showing logs for build [32mbeethub-environment-beet-k8s-1-66rft-1[0m stage [32mfrom-build-pack[0m and container [32mstep-place-tools[0m

Showing logs for build [32mbeethub-environment-beet-k8s-1-66rft-1[0m stage [32mfrom-build-pack[0m and container [32mstep-git-source-beethub-environment-beet-k8s-1-66rft-s7bwg[0m
{"level":"info","ts":1592680837.0908637,"logger":"fallback-logger","caller":"logging/config.go:69","msg":"Fetch GitHub commit ID from kodata failed: open /var/run/ko/refs/heads/0.8.0-ns-support: no such file or directory"}
{"level":"info","ts":1592680837.452404,"logger":"fallback-logger","caller":"git/git.go:103","msg":"Successfully cloned https://github.com/beethub/environment-beet-k8s-1-staging.git @ master in path /workspace/source"}

Showing logs for build [32mbeethub-environment-beet-k8s-1-66rft-1[0m stage [32mfrom-build-pack[0m and container [32mstep-git-merge[0m
Using SHAs from PULL_REFS=master:b5bcfe7dafc4ed099948846f136b10d00e47349c,57:fd95e769afb4ae00539f0b5a186e14c9ff5d688f
DEBUG: LC_ALL=C JX_LOG_LEVEL=error git fetch origin --unshallow fd95e769afb4ae00539f0b5a186e14c9ff5d688f: b5bcfe7dafc4ed099948846f136b10d00e47349c:
DEBUG: ran git fetch --unshallow origin fd95e769afb4ae00539f0b5a186e14c9ff5d688f: b5bcfe7dafc4ed099948846f136b10d00e47349c: in 
DEBUG: LC_ALL=C JX_LOG_LEVEL=error git branch
DEBUG: LC_ALL=C JX_LOG_LEVEL=error git checkout master
DEBUG: ran git checkout master in 
DEBUG: LC_ALL=C JX_LOG_LEVEL=error git reset --hard b5bcfe7dafc4ed099948846f136b10d00e47349c
DEBUG: ran git reset --hard b5bcfe7dafc4ed099948846f136b10d00e47349c in 
DEBUG: LC_ALL=C JX_LOG_LEVEL=error git clean -fd .
DEBUG: ran clean --force -d . in 
DEBUG: LC_ALL=C JX_LOG_LEVEL=error git merge fd95e769afb4ae00539f0b5a186e14c9ff5d688f
DEBUG: ran git merge fd95e769afb4ae00539f0b5a186e14c9ff5d688f in 
DEBUG: LC_ALL=C JX_LOG_LEVEL=error git log --format=%H%x1f%an%x1f%ae%x1f%cn%x1f%ce%x1f%s%n%b%x1e b5bcfe7dafc4ed099948846f136b10d00e47349c..HEAD
Merged SHA fd95e769afb4ae00539f0b5a186e14c9ff5d688f with commit message 'chore: Promote api to version 0.0.23' into base branch master

Showing logs for build [32mbeethub-environment-beet-k8s-1-66rft-1[0m stage [32mfrom-build-pack[0m and container [32mstep-build-helm-build[0m
WARNING: No $CHART_REPOSITORY defined so using the default value of: http://jenkins-x-chartmuseum:8080
Adding missing Helm repo: storage.googleapis.com https://storage.googleapis.com/chartmuseum.jenkins-x.io
Successfully added Helm repository storage.googleapis.com.
Adding missing Helm repo: jenkins-x-chartmuseum http://jenkins-x-chartmuseum:8080
Successfully added Helm repository jenkins-x-chartmuseum.
WARNING: No $CHART_REPOSITORY defined so using the default value of: http://jenkins-x-chartmuseum:8080
Adding missing Helm repo: chartmuseum.jenkins-x.io http://chartmuseum.jenkins-x.io
Successfully added Helm repository chartmuseum.jenkins-x.io.
Adding missing Helm repo: codecentric.github.io https://codecentric.github.io/helm-charts
Successfully added Helm repository codecentric.github.io.
