
Showing logs for build [32mbeethub-environment-beet-k8s-1-6pppl-1[0m stage [32mfrom-build-pack[0m and container [32mstep-credential-initializer-hr2j9[0m
{"level":"warn","ts":1584469025.1584182,"logger":"fallback-logger","caller":"logging/config.go:69","msg":"Fetch GitHub commit ID from kodata failed: \"ref: refs/heads/0.8.0-**-support-backwards-incompats\" is not a valid GitHub commit ID"}
{"level":"info","ts":1584469025.16222,"logger":"fallback-logger","caller":"creds-init/main.go:40","msg":"Credentials initialized."}

Showing logs for build [32mbeethub-environment-beet-k8s-1-6pppl-1[0m stage [32mfrom-build-pack[0m and container [32mstep-working-dir-initializer-7z8kk[0m
{"level":"warn","ts":1584469026.3081033,"logger":"fallback-logger","caller":"logging/config.go:69","msg":"Fetch GitHub commit ID from kodata failed: open /var/run/ko/HEAD: no such file or directory"}
{"level":"info","ts":1584469026.3160167,"logger":"fallback-logger","caller":"bash/main.go:64","msg":"Successfully executed command \"sh -c mkdir -p /workspace/source\"; output "}

Showing logs for build [32mbeethub-environment-beet-k8s-1-6pppl-1[0m stage [32mfrom-build-pack[0m and container [32mstep-place-tools[0m

Showing logs for build [32mbeethub-environment-beet-k8s-1-6pppl-1[0m stage [32mfrom-build-pack[0m and container [32mstep-git-source-beethub-environment-beet-k8s-1-6pppl-gjmvg[0m
{"level":"warn","ts":1584469030.552026,"logger":"fallback-logger","caller":"logging/config.go:69","msg":"Fetch GitHub commit ID from kodata failed: \"ref: refs/heads/0.8.0-**-support-backwards-incompats\" is not a valid GitHub commit ID"}
{"level":"info","ts":1584469030.8442302,"logger":"fallback-logger","caller":"git/git.go:103","msg":"Successfully cloned https://github.com/beethub/environment-beet-k8s-1-staging.git @ master in path /workspace/source"}

Showing logs for build [32mbeethub-environment-beet-k8s-1-6pppl-1[0m stage [32mfrom-build-pack[0m and container [32mstep-git-merge[0m
Using SHAs from PULL_REFS=master:fc468f1785d2cad46eaf1b07ea3845991a17d0d0,3:f1749ebed7a3b355963513f6ff2bb96090726fb3
DEBUG: LC_ALL=C JX_LOG_LEVEL=error git fetch origin --unshallow f1749ebed7a3b355963513f6ff2bb96090726fb3: fc468f1785d2cad46eaf1b07ea3845991a17d0d0:
DEBUG: ran git fetch --unshallow origin f1749ebed7a3b355963513f6ff2bb96090726fb3: fc468f1785d2cad46eaf1b07ea3845991a17d0d0: in 
DEBUG: LC_ALL=C JX_LOG_LEVEL=error git branch
DEBUG: LC_ALL=C JX_LOG_LEVEL=error git checkout master
DEBUG: ran git checkout master in 
DEBUG: LC_ALL=C JX_LOG_LEVEL=error git reset --hard fc468f1785d2cad46eaf1b07ea3845991a17d0d0
DEBUG: ran git reset --hard fc468f1785d2cad46eaf1b07ea3845991a17d0d0 in 
DEBUG: LC_ALL=C JX_LOG_LEVEL=error git clean -fd .
DEBUG: ran clean --force -d . in 
DEBUG: LC_ALL=C JX_LOG_LEVEL=error git merge f1749ebed7a3b355963513f6ff2bb96090726fb3
DEBUG: ran git merge f1749ebed7a3b355963513f6ff2bb96090726fb3 in 
DEBUG: LC_ALL=C JX_LOG_LEVEL=error git log --format=%H%x1f%an%x1f%ae%x1f%cn%x1f%ce%x1f%s%n%b%x1e fc468f1785d2cad46eaf1b07ea3845991a17d0d0..HEAD
Merged SHA f1749ebed7a3b355963513f6ff2bb96090726fb3 with commit message 'chore: Promote receipt-api to version 0.0.7' into base branch master

Showing logs for build [32mbeethub-environment-beet-k8s-1-6pppl-1[0m stage [32mfrom-build-pack[0m and container [32mstep-build-helm-build[0m
WARNING: No $CHART_REPOSITORY defined so using the default value of: http://jenkins-x-chartmuseum:8080
Adding missing Helm repo: storage.googleapis.com https://storage.googleapis.com/chartmuseum.jenkins-x.io
Successfully added Helm repository storage.googleapis.com.
Adding missing Helm repo: jenkins-x-chartmuseum http://jenkins-x-chartmuseum:8080
Successfully added Helm repository jenkins-x-chartmuseum.
WARNING: No $CHART_REPOSITORY defined so using the default value of: http://jenkins-x-chartmuseum:8080
Adding missing Helm repo: chartmuseum.jenkins-x.io http://chartmuseum.jenkins-x.io
Successfully added Helm repository chartmuseum.jenkins-x.io.
