
Showing logs for build [32mbeethub-environment-beet-k8s-1-rktrn-1[0m stage [32mfrom-build-pack[0m and container [32mstep-credential-initializer-bc9gs[0m
{"level":"warn","ts":1587322857.2130005,"logger":"fallback-logger","caller":"logging/config.go:69","msg":"Fetch GitHub commit ID from kodata failed: \"ref: refs/heads/0.8.0-**-support-backwards-incompats\" is not a valid GitHub commit ID"}
{"level":"info","ts":1587322857.2138739,"logger":"fallback-logger","caller":"creds-init/main.go:40","msg":"Credentials initialized."}

Showing logs for build [32mbeethub-environment-beet-k8s-1-rktrn-1[0m stage [32mfrom-build-pack[0m and container [32mstep-working-dir-initializer-rdwx5[0m
{"level":"warn","ts":1587322858.266171,"logger":"fallback-logger","caller":"logging/config.go:69","msg":"Fetch GitHub commit ID from kodata failed: open /var/run/ko/HEAD: no such file or directory"}
{"level":"info","ts":1587322858.267744,"logger":"fallback-logger","caller":"bash/main.go:64","msg":"Successfully executed command \"sh -c mkdir -p /workspace/source\"; output "}

Showing logs for build [32mbeethub-environment-beet-k8s-1-rktrn-1[0m stage [32mfrom-build-pack[0m and container [32mstep-place-tools[0m

Showing logs for build [32mbeethub-environment-beet-k8s-1-rktrn-1[0m stage [32mfrom-build-pack[0m and container [32mstep-git-source-beethub-environment-beet-k8s-1-rktrn-m44sr[0m
{"level":"warn","ts":1587322864.470861,"logger":"fallback-logger","caller":"logging/config.go:69","msg":"Fetch GitHub commit ID from kodata failed: \"ref: refs/heads/0.8.0-**-support-backwards-incompats\" is not a valid GitHub commit ID"}
{"level":"info","ts":1587322864.7708495,"logger":"fallback-logger","caller":"git/git.go:103","msg":"Successfully cloned https://github.com/beethub/environment-beet-k8s-1-staging.git @ master in path /workspace/source"}

Showing logs for build [32mbeethub-environment-beet-k8s-1-rktrn-1[0m stage [32mfrom-build-pack[0m and container [32mstep-git-merge[0m
Using SHAs from PULL_REFS=master:fe095e674c20a04bb86db1e9e6361fbb760e4b3c,18:05420d446abe61b8f6e2caacc73dc73f413caa69
DEBUG: LC_ALL=C JX_LOG_LEVEL=error git fetch origin --unshallow 05420d446abe61b8f6e2caacc73dc73f413caa69: fe095e674c20a04bb86db1e9e6361fbb760e4b3c:
DEBUG: ran git fetch --unshallow origin 05420d446abe61b8f6e2caacc73dc73f413caa69: fe095e674c20a04bb86db1e9e6361fbb760e4b3c: in 
DEBUG: LC_ALL=C JX_LOG_LEVEL=error git branch
DEBUG: LC_ALL=C JX_LOG_LEVEL=error git checkout master
DEBUG: ran git checkout master in 
DEBUG: LC_ALL=C JX_LOG_LEVEL=error git reset --hard fe095e674c20a04bb86db1e9e6361fbb760e4b3c
DEBUG: ran git reset --hard fe095e674c20a04bb86db1e9e6361fbb760e4b3c in 
DEBUG: LC_ALL=C JX_LOG_LEVEL=error git clean -fd .
DEBUG: ran clean --force -d . in 
DEBUG: LC_ALL=C JX_LOG_LEVEL=error git merge 05420d446abe61b8f6e2caacc73dc73f413caa69
DEBUG: ran git merge 05420d446abe61b8f6e2caacc73dc73f413caa69 in 
DEBUG: JX_LOG_LEVEL=error LC_ALL=C git log --format=%H%x1f%an%x1f%ae%x1f%cn%x1f%ce%x1f%s%n%b%x1e fe095e674c20a04bb86db1e9e6361fbb760e4b3c..HEAD
Merged SHA 05420d446abe61b8f6e2caacc73dc73f413caa69 with commit message 'chore: Promote beet to version 0.0.9' into base branch master

Showing logs for build [32mbeethub-environment-beet-k8s-1-rktrn-1[0m stage [32mfrom-build-pack[0m and container [32mstep-build-helm-build[0m
WARNING: No $CHART_REPOSITORY defined so using the default value of: http://jenkins-x-chartmuseum:8080
Adding missing Helm repo: storage.googleapis.com https://storage.googleapis.com/chartmuseum.jenkins-x.io
Successfully added Helm repository storage.googleapis.com.
Adding missing Helm repo: jenkins-x-chartmuseum http://jenkins-x-chartmuseum:8080
Successfully added Helm repository jenkins-x-chartmuseum.
WARNING: No $CHART_REPOSITORY defined so using the default value of: http://jenkins-x-chartmuseum:8080
Adding missing Helm repo: chartmuseum.jenkins-x.io http://chartmuseum.jenkins-x.io
Successfully added Helm repository chartmuseum.jenkins-x.io.
Adding missing Helm repo: codecentric.github.io https://codecentric.github.io/helm-charts
Successfully added Helm repository codecentric.github.io.
