
Showing logs for build [32mbeethub-environment-beet-k8s-1-j5ng2-1[0m stage [32mfrom-build-pack[0m and container [32mstep-credential-initializer-5477v[0m
{"level":"warn","ts":1589843347.9638035,"logger":"fallback-logger","caller":"logging/config.go:69","msg":"Fetch GitHub commit ID from kodata failed: \"ref: refs/heads/0.8.0-**-support-backwards-incompats\" is not a valid GitHub commit ID"}
{"level":"info","ts":1589843347.9641004,"logger":"fallback-logger","caller":"creds-init/main.go:40","msg":"Credentials initialized."}

Showing logs for build [32mbeethub-environment-beet-k8s-1-j5ng2-1[0m stage [32mfrom-build-pack[0m and container [32mstep-working-dir-initializer-2b5jx[0m
{"level":"warn","ts":1589843348.614548,"logger":"fallback-logger","caller":"logging/config.go:69","msg":"Fetch GitHub commit ID from kodata failed: open /var/run/ko/HEAD: no such file or directory"}
{"level":"info","ts":1589843348.6161664,"logger":"fallback-logger","caller":"bash/main.go:64","msg":"Successfully executed command \"sh -c mkdir -p /workspace/source\"; output "}

Showing logs for build [32mbeethub-environment-beet-k8s-1-j5ng2-1[0m stage [32mfrom-build-pack[0m and container [32mstep-place-tools[0m

Showing logs for build [32mbeethub-environment-beet-k8s-1-j5ng2-1[0m stage [32mfrom-build-pack[0m and container [32mstep-git-source-beethub-environment-beet-k8s-1-j5ng2-jw2lq[0m
{"level":"warn","ts":1589843351.7474244,"logger":"fallback-logger","caller":"logging/config.go:69","msg":"Fetch GitHub commit ID from kodata failed: \"ref: refs/heads/0.8.0-**-support-backwards-incompats\" is not a valid GitHub commit ID"}
{"level":"info","ts":1589843352.0122871,"logger":"fallback-logger","caller":"git/git.go:103","msg":"Successfully cloned https://github.com/beethub/environment-beet-k8s-1-staging.git @ master in path /workspace/source"}

Showing logs for build [32mbeethub-environment-beet-k8s-1-j5ng2-1[0m stage [32mfrom-build-pack[0m and container [32mstep-git-merge[0m
Using SHAs from PULL_REFS=master:5a45ed20d3a3c99b83275e606b30609b79583cef,44:6280c5b5a137c24a219127e68078685c915d7068
DEBUG: LC_ALL=C JX_LOG_LEVEL=error git fetch origin --unshallow 6280c5b5a137c24a219127e68078685c915d7068: 5a45ed20d3a3c99b83275e606b30609b79583cef:
DEBUG: ran git fetch --unshallow origin 6280c5b5a137c24a219127e68078685c915d7068: 5a45ed20d3a3c99b83275e606b30609b79583cef: in 
DEBUG: LC_ALL=C JX_LOG_LEVEL=error git branch
DEBUG: LC_ALL=C JX_LOG_LEVEL=error git checkout master
DEBUG: ran git checkout master in 
DEBUG: LC_ALL=C JX_LOG_LEVEL=error git reset --hard 5a45ed20d3a3c99b83275e606b30609b79583cef
DEBUG: ran git reset --hard 5a45ed20d3a3c99b83275e606b30609b79583cef in 
DEBUG: JX_LOG_LEVEL=error LC_ALL=C git clean -fd .
DEBUG: ran clean --force -d . in 
DEBUG: JX_LOG_LEVEL=error LC_ALL=C git merge 6280c5b5a137c24a219127e68078685c915d7068
DEBUG: ran git merge 6280c5b5a137c24a219127e68078685c915d7068 in 
DEBUG: LC_ALL=C JX_LOG_LEVEL=error git log --format=%H%x1f%an%x1f%ae%x1f%cn%x1f%ce%x1f%s%n%b%x1e 5a45ed20d3a3c99b83275e606b30609b79583cef..HEAD
Merged SHA 6280c5b5a137c24a219127e68078685c915d7068 with commit message 'chore: Promote api to version 0.0.18' into base branch master

Showing logs for build [32mbeethub-environment-beet-k8s-1-j5ng2-1[0m stage [32mfrom-build-pack[0m and container [32mstep-build-helm-build[0m
WARNING: No $CHART_REPOSITORY defined so using the default value of: http://jenkins-x-chartmuseum:8080
Adding missing Helm repo: storage.googleapis.com https://storage.googleapis.com/chartmuseum.jenkins-x.io
Successfully added Helm repository storage.googleapis.com.
Adding missing Helm repo: jenkins-x-chartmuseum http://jenkins-x-chartmuseum:8080
Successfully added Helm repository jenkins-x-chartmuseum.
WARNING: No $CHART_REPOSITORY defined so using the default value of: http://jenkins-x-chartmuseum:8080
Adding missing Helm repo: chartmuseum.jenkins-x.io http://chartmuseum.jenkins-x.io
Successfully added Helm repository chartmuseum.jenkins-x.io.
Adding missing Helm repo: codecentric.github.io https://codecentric.github.io/helm-charts
Successfully added Helm repository codecentric.github.io.
