
Showing logs for build [32mbeethub-environment-beet-k8s-1-rggg8-1[0m stage [32mfrom-build-pack[0m and container [32mstep-credential-initializer-t757z[0m
{"level":"warn","ts":1584475635.7020116,"logger":"fallback-logger","caller":"logging/config.go:69","msg":"Fetch GitHub commit ID from kodata failed: \"ref: refs/heads/0.8.0-**-support-backwards-incompats\" is not a valid GitHub commit ID"}
{"level":"info","ts":1584475635.7024536,"logger":"fallback-logger","caller":"creds-init/main.go:40","msg":"Credentials initialized."}

Showing logs for build [32mbeethub-environment-beet-k8s-1-rggg8-1[0m stage [32mfrom-build-pack[0m and container [32mstep-working-dir-initializer-sj2wd[0m
{"level":"warn","ts":1584475636.0881853,"logger":"fallback-logger","caller":"logging/config.go:69","msg":"Fetch GitHub commit ID from kodata failed: open /var/run/ko/HEAD: no such file or directory"}
{"level":"info","ts":1584475636.0960712,"logger":"fallback-logger","caller":"bash/main.go:64","msg":"Successfully executed command \"sh -c mkdir -p /workspace/source\"; output "}

Showing logs for build [32mbeethub-environment-beet-k8s-1-rggg8-1[0m stage [32mfrom-build-pack[0m and container [32mstep-place-tools[0m

Showing logs for build [32mbeethub-environment-beet-k8s-1-rggg8-1[0m stage [32mfrom-build-pack[0m and container [32mstep-git-source-beethub-environment-beet-k8s-1-rggg8-6l9xz[0m
{"level":"warn","ts":1584475664.328359,"logger":"fallback-logger","caller":"logging/config.go:69","msg":"Fetch GitHub commit ID from kodata failed: \"ref: refs/heads/0.8.0-**-support-backwards-incompats\" is not a valid GitHub commit ID"}
{"level":"info","ts":1584475664.7124796,"logger":"fallback-logger","caller":"git/git.go:103","msg":"Successfully cloned https://github.com/beethub/environment-beet-k8s-1-staging.git @ master in path /workspace/source"}

Showing logs for build [32mbeethub-environment-beet-k8s-1-rggg8-1[0m stage [32mfrom-build-pack[0m and container [32mstep-git-merge[0m
Using SHAs from PULL_REFS=master:3954564f4b4bfa7d682b9457e3e831eccfcd96db,5:7f1f9203e9d03f4286b5cd5df422c9dac5e51d5c
DEBUG: LC_ALL=C JX_LOG_LEVEL=error git fetch origin --unshallow 7f1f9203e9d03f4286b5cd5df422c9dac5e51d5c: 3954564f4b4bfa7d682b9457e3e831eccfcd96db:
DEBUG: ran git fetch --unshallow origin 7f1f9203e9d03f4286b5cd5df422c9dac5e51d5c: 3954564f4b4bfa7d682b9457e3e831eccfcd96db: in 
DEBUG: LC_ALL=C JX_LOG_LEVEL=error git branch
DEBUG: LC_ALL=C JX_LOG_LEVEL=error git checkout master
DEBUG: ran git checkout master in 
DEBUG: LC_ALL=C JX_LOG_LEVEL=error git reset --hard 3954564f4b4bfa7d682b9457e3e831eccfcd96db
DEBUG: ran git reset --hard 3954564f4b4bfa7d682b9457e3e831eccfcd96db in 
DEBUG: LC_ALL=C JX_LOG_LEVEL=error git clean -fd .
DEBUG: ran clean --force -d . in 
DEBUG: JX_LOG_LEVEL=error LC_ALL=C git merge 7f1f9203e9d03f4286b5cd5df422c9dac5e51d5c
DEBUG: ran git merge 7f1f9203e9d03f4286b5cd5df422c9dac5e51d5c in 
DEBUG: LC_ALL=C JX_LOG_LEVEL=error git log --format=%H%x1f%an%x1f%ae%x1f%cn%x1f%ce%x1f%s%n%b%x1e 3954564f4b4bfa7d682b9457e3e831eccfcd96db..HEAD
Merged SHA 7f1f9203e9d03f4286b5cd5df422c9dac5e51d5c with commit message 'chore: Promote receipt-api to version 0.0.8' into base branch master

Showing logs for build [32mbeethub-environment-beet-k8s-1-rggg8-1[0m stage [32mfrom-build-pack[0m and container [32mstep-build-helm-build[0m
WARNING: No $CHART_REPOSITORY defined so using the default value of: http://jenkins-x-chartmuseum:8080
Adding missing Helm repo: storage.googleapis.com https://storage.googleapis.com/chartmuseum.jenkins-x.io
Successfully added Helm repository storage.googleapis.com.
Adding missing Helm repo: jenkins-x-chartmuseum http://jenkins-x-chartmuseum:8080
Successfully added Helm repository jenkins-x-chartmuseum.
WARNING: No $CHART_REPOSITORY defined so using the default value of: http://jenkins-x-chartmuseum:8080
Adding missing Helm repo: chartmuseum.jenkins-x.io http://chartmuseum.jenkins-x.io
Successfully added Helm repository chartmuseum.jenkins-x.io.
