
Showing logs for build [32mbeethub-environment-beet-k8s-1-vh59n-1[0m stage [32mfrom-build-pack[0m and container [32mstep-credential-initializer-d7w5p[0m
{"level":"info","ts":1591208157.6461942,"logger":"fallback-logger","caller":"logging/config.go:69","msg":"Fetch GitHub commit ID from kodata failed: open /var/run/ko/refs/heads/0.8.0-ns-support: no such file or directory"}
{"level":"info","ts":1591208157.6494765,"logger":"fallback-logger","caller":"creds-init/main.go:40","msg":"Credentials initialized."}

Showing logs for build [32mbeethub-environment-beet-k8s-1-vh59n-1[0m stage [32mfrom-build-pack[0m and container [32mstep-working-dir-initializer-tkgw8[0m
{"level":"info","ts":1591208158.3572357,"logger":"fallback-logger","caller":"logging/config.go:69","msg":"Fetch GitHub commit ID from kodata failed: open /var/run/ko/HEAD: no such file or directory"}
{"level":"info","ts":1591208158.3591037,"logger":"fallback-logger","caller":"bash/main.go:64","msg":"Successfully executed command \"sh -c mkdir -p /workspace/source\"; output "}

Showing logs for build [32mbeethub-environment-beet-k8s-1-vh59n-1[0m stage [32mfrom-build-pack[0m and container [32mstep-place-tools[0m

Showing logs for build [32mbeethub-environment-beet-k8s-1-vh59n-1[0m stage [32mfrom-build-pack[0m and container [32mstep-git-source-beethub-environment-beet-k8s-1-vh59n-7qwrz[0m
{"level":"info","ts":1591208161.4326236,"logger":"fallback-logger","caller":"logging/config.go:69","msg":"Fetch GitHub commit ID from kodata failed: open /var/run/ko/refs/heads/0.8.0-ns-support: no such file or directory"}
{"level":"info","ts":1591208162.268536,"logger":"fallback-logger","caller":"git/git.go:103","msg":"Successfully cloned https://github.com/beethub/environment-beet-k8s-1-staging.git @ master in path /workspace/source"}

Showing logs for build [32mbeethub-environment-beet-k8s-1-vh59n-1[0m stage [32mfrom-build-pack[0m and container [32mstep-git-merge[0m
Using SHAs from PULL_REFS=master:3d6960bc27504a7b2a9a1a2ee0742dbef9c29f2d,53:8841a49e43df8fb6b03565065ddadf8fd5323591
DEBUG: LC_ALL=C JX_LOG_LEVEL=error git fetch origin --unshallow 8841a49e43df8fb6b03565065ddadf8fd5323591: 3d6960bc27504a7b2a9a1a2ee0742dbef9c29f2d:
DEBUG: ran git fetch --unshallow origin 8841a49e43df8fb6b03565065ddadf8fd5323591: 3d6960bc27504a7b2a9a1a2ee0742dbef9c29f2d: in 
DEBUG: LC_ALL=C JX_LOG_LEVEL=error git branch
DEBUG: LC_ALL=C JX_LOG_LEVEL=error git checkout master
DEBUG: ran git checkout master in 
DEBUG: JX_LOG_LEVEL=error LC_ALL=C git reset --hard 3d6960bc27504a7b2a9a1a2ee0742dbef9c29f2d
DEBUG: ran git reset --hard 3d6960bc27504a7b2a9a1a2ee0742dbef9c29f2d in 
DEBUG: LC_ALL=C JX_LOG_LEVEL=error git clean -fd .
DEBUG: ran clean --force -d . in 
DEBUG: LC_ALL=C JX_LOG_LEVEL=error git merge 8841a49e43df8fb6b03565065ddadf8fd5323591
DEBUG: ran git merge 8841a49e43df8fb6b03565065ddadf8fd5323591 in 
DEBUG: LC_ALL=C JX_LOG_LEVEL=error git log --format=%H%x1f%an%x1f%ae%x1f%cn%x1f%ce%x1f%s%n%b%x1e 3d6960bc27504a7b2a9a1a2ee0742dbef9c29f2d..HEAD
Merged SHA 8841a49e43df8fb6b03565065ddadf8fd5323591 with commit message 'chore: Promote api to version 0.0.22' into base branch master

Showing logs for build [32mbeethub-environment-beet-k8s-1-vh59n-1[0m stage [32mfrom-build-pack[0m and container [32mstep-build-helm-build[0m
WARNING: No $CHART_REPOSITORY defined so using the default value of: http://jenkins-x-chartmuseum:8080
Adding missing Helm repo: storage.googleapis.com https://storage.googleapis.com/chartmuseum.jenkins-x.io
Successfully added Helm repository storage.googleapis.com.
Adding missing Helm repo: jenkins-x-chartmuseum http://jenkins-x-chartmuseum:8080
Successfully added Helm repository jenkins-x-chartmuseum.
WARNING: No $CHART_REPOSITORY defined so using the default value of: http://jenkins-x-chartmuseum:8080
Adding missing Helm repo: chartmuseum.jenkins-x.io http://chartmuseum.jenkins-x.io
Successfully added Helm repository chartmuseum.jenkins-x.io.
Adding missing Helm repo: codecentric.github.io https://codecentric.github.io/helm-charts
Successfully added Helm repository codecentric.github.io.
