
Showing logs for build [32mbeethub-environment-beet-k8s-1-xsd4m-1[0m stage [32mfrom-build-pack[0m and container [32mstep-credential-initializer-72zgc[0m
{"level":"warn","ts":1590261517.789339,"logger":"fallback-logger","caller":"logging/config.go:69","msg":"Fetch GitHub commit ID from kodata failed: \"ref: refs/heads/0.8.0-**-support-backwards-incompats\" is not a valid GitHub commit ID"}
{"level":"info","ts":1590261517.7897975,"logger":"fallback-logger","caller":"creds-init/main.go:40","msg":"Credentials initialized."}

Showing logs for build [32mbeethub-environment-beet-k8s-1-xsd4m-1[0m stage [32mfrom-build-pack[0m and container [32mstep-working-dir-initializer-k796v[0m
{"level":"warn","ts":1590261518.347494,"logger":"fallback-logger","caller":"logging/config.go:69","msg":"Fetch GitHub commit ID from kodata failed: open /var/run/ko/HEAD: no such file or directory"}
{"level":"info","ts":1590261518.3487704,"logger":"fallback-logger","caller":"bash/main.go:64","msg":"Successfully executed command \"sh -c mkdir -p /workspace/source\"; output "}

Showing logs for build [32mbeethub-environment-beet-k8s-1-xsd4m-1[0m stage [32mfrom-build-pack[0m and container [32mstep-place-tools[0m

Showing logs for build [32mbeethub-environment-beet-k8s-1-xsd4m-1[0m stage [32mfrom-build-pack[0m and container [32mstep-git-source-beethub-environment-beet-k8s-1-xsd4m-4k6gd[0m
{"level":"warn","ts":1590261522.4134946,"logger":"fallback-logger","caller":"logging/config.go:69","msg":"Fetch GitHub commit ID from kodata failed: \"ref: refs/heads/0.8.0-**-support-backwards-incompats\" is not a valid GitHub commit ID"}
{"level":"info","ts":1590261522.6704834,"logger":"fallback-logger","caller":"git/git.go:103","msg":"Successfully cloned https://github.com/beethub/environment-beet-k8s-1-staging.git @ master in path /workspace/source"}

Showing logs for build [32mbeethub-environment-beet-k8s-1-xsd4m-1[0m stage [32mfrom-build-pack[0m and container [32mstep-git-merge[0m
Using SHAs from PULL_REFS=master:b7cda34930e176edb991252126c06f61a4607ba8,47:80286114e33eb61126f89b85ade630199717356c
DEBUG: LC_ALL=C JX_LOG_LEVEL=error git fetch origin --unshallow 80286114e33eb61126f89b85ade630199717356c: b7cda34930e176edb991252126c06f61a4607ba8:
DEBUG: ran git fetch --unshallow origin 80286114e33eb61126f89b85ade630199717356c: b7cda34930e176edb991252126c06f61a4607ba8: in 
DEBUG: LC_ALL=C JX_LOG_LEVEL=error git branch
DEBUG: JX_LOG_LEVEL=error LC_ALL=C git checkout master
DEBUG: ran git checkout master in 
DEBUG: LC_ALL=C JX_LOG_LEVEL=error git reset --hard b7cda34930e176edb991252126c06f61a4607ba8
DEBUG: ran git reset --hard b7cda34930e176edb991252126c06f61a4607ba8 in 
DEBUG: LC_ALL=C JX_LOG_LEVEL=error git clean -fd .
DEBUG: ran clean --force -d . in 
DEBUG: LC_ALL=C JX_LOG_LEVEL=error git merge 80286114e33eb61126f89b85ade630199717356c
DEBUG: ran git merge 80286114e33eb61126f89b85ade630199717356c in 
DEBUG: LC_ALL=C JX_LOG_LEVEL=error git log --format=%H%x1f%an%x1f%ae%x1f%cn%x1f%ce%x1f%s%n%b%x1e b7cda34930e176edb991252126c06f61a4607ba8..HEAD
Merged SHA 80286114e33eb61126f89b85ade630199717356c with commit message 'chore: Promote beet to version 0.0.19' into base branch master

Showing logs for build [32mbeethub-environment-beet-k8s-1-xsd4m-1[0m stage [32mfrom-build-pack[0m and container [32mstep-build-helm-build[0m
WARNING: No $CHART_REPOSITORY defined so using the default value of: http://jenkins-x-chartmuseum:8080
Adding missing Helm repo: storage.googleapis.com https://storage.googleapis.com/chartmuseum.jenkins-x.io
Successfully added Helm repository storage.googleapis.com.
Adding missing Helm repo: jenkins-x-chartmuseum http://jenkins-x-chartmuseum:8080
Successfully added Helm repository jenkins-x-chartmuseum.
WARNING: No $CHART_REPOSITORY defined so using the default value of: http://jenkins-x-chartmuseum:8080
Adding missing Helm repo: chartmuseum.jenkins-x.io http://chartmuseum.jenkins-x.io
Successfully added Helm repository chartmuseum.jenkins-x.io.
Adding missing Helm repo: codecentric.github.io https://codecentric.github.io/helm-charts
Successfully added Helm repository codecentric.github.io.
