
Showing logs for build [32mbeethub-environment-beet-k8s-1-g6nzk-1[0m stage [32mfrom-build-pack[0m and container [32mstep-credential-initializer-fbg8d[0m
{"level":"warn","ts":1587869667.641324,"logger":"fallback-logger","caller":"logging/config.go:69","msg":"Fetch GitHub commit ID from kodata failed: \"ref: refs/heads/0.8.0-**-support-backwards-incompats\" is not a valid GitHub commit ID"}
{"level":"info","ts":1587869667.6416025,"logger":"fallback-logger","caller":"creds-init/main.go:40","msg":"Credentials initialized."}

Showing logs for build [32mbeethub-environment-beet-k8s-1-g6nzk-1[0m stage [32mfrom-build-pack[0m and container [32mstep-working-dir-initializer-b9j9q[0m
{"level":"warn","ts":1587869668.2588656,"logger":"fallback-logger","caller":"logging/config.go:69","msg":"Fetch GitHub commit ID from kodata failed: open /var/run/ko/HEAD: no such file or directory"}
{"level":"info","ts":1587869668.2601688,"logger":"fallback-logger","caller":"bash/main.go:64","msg":"Successfully executed command \"sh -c mkdir -p /workspace/source\"; output "}

Showing logs for build [32mbeethub-environment-beet-k8s-1-g6nzk-1[0m stage [32mfrom-build-pack[0m and container [32mstep-place-tools[0m

Showing logs for build [32mbeethub-environment-beet-k8s-1-g6nzk-1[0m stage [32mfrom-build-pack[0m and container [32mstep-git-source-beethub-environment-beet-k8s-1-g6nzk-q28sc[0m
{"level":"warn","ts":1587869672.3477654,"logger":"fallback-logger","caller":"logging/config.go:69","msg":"Fetch GitHub commit ID from kodata failed: \"ref: refs/heads/0.8.0-**-support-backwards-incompats\" is not a valid GitHub commit ID"}
{"level":"info","ts":1587869672.6080217,"logger":"fallback-logger","caller":"git/git.go:103","msg":"Successfully cloned https://github.com/beethub/environment-beet-k8s-1-staging.git @ master in path /workspace/source"}

Showing logs for build [32mbeethub-environment-beet-k8s-1-g6nzk-1[0m stage [32mfrom-build-pack[0m and container [32mstep-git-merge[0m
Using SHAs from PULL_REFS=master:b546c3a1ca435b94445dcd927335775dd429dfe0,31:60d99d62dcece6347d795188815536c39983cdd8
DEBUG: LC_ALL=C JX_LOG_LEVEL=error git fetch origin --unshallow 60d99d62dcece6347d795188815536c39983cdd8: b546c3a1ca435b94445dcd927335775dd429dfe0:
DEBUG: ran git fetch --unshallow origin 60d99d62dcece6347d795188815536c39983cdd8: b546c3a1ca435b94445dcd927335775dd429dfe0: in 
DEBUG: LC_ALL=C JX_LOG_LEVEL=error git branch
DEBUG: JX_LOG_LEVEL=error LC_ALL=C git checkout master
DEBUG: ran git checkout master in 
DEBUG: LC_ALL=C JX_LOG_LEVEL=error git reset --hard b546c3a1ca435b94445dcd927335775dd429dfe0
DEBUG: ran git reset --hard b546c3a1ca435b94445dcd927335775dd429dfe0 in 
DEBUG: LC_ALL=C JX_LOG_LEVEL=error git clean -fd .
DEBUG: ran clean --force -d . in 
DEBUG: LC_ALL=C JX_LOG_LEVEL=error git merge 60d99d62dcece6347d795188815536c39983cdd8
DEBUG: ran git merge 60d99d62dcece6347d795188815536c39983cdd8 in 
DEBUG: LC_ALL=C JX_LOG_LEVEL=error git log --format=%H%x1f%an%x1f%ae%x1f%cn%x1f%ce%x1f%s%n%b%x1e b546c3a1ca435b94445dcd927335775dd429dfe0..HEAD
Merged SHA 60d99d62dcece6347d795188815536c39983cdd8 with commit message 'chore: Promote beet to version 0.0.11' into base branch master

Showing logs for build [32mbeethub-environment-beet-k8s-1-g6nzk-1[0m stage [32mfrom-build-pack[0m and container [32mstep-build-helm-build[0m
WARNING: No $CHART_REPOSITORY defined so using the default value of: http://jenkins-x-chartmuseum:8080
Adding missing Helm repo: storage.googleapis.com https://storage.googleapis.com/chartmuseum.jenkins-x.io
Successfully added Helm repository storage.googleapis.com.
Adding missing Helm repo: jenkins-x-chartmuseum http://jenkins-x-chartmuseum:8080
Successfully added Helm repository jenkins-x-chartmuseum.
WARNING: No $CHART_REPOSITORY defined so using the default value of: http://jenkins-x-chartmuseum:8080
Adding missing Helm repo: chartmuseum.jenkins-x.io http://chartmuseum.jenkins-x.io
Successfully added Helm repository chartmuseum.jenkins-x.io.
Adding missing Helm repo: codecentric.github.io https://codecentric.github.io/helm-charts
Successfully added Helm repository codecentric.github.io.
