
Showing logs for build [32mbeethub-environment-beet-k8s-1-mg67w-1[0m stage [32mfrom-build-pack[0m and container [32mstep-credential-initializer-j5f8m[0m
{"level":"warn","ts":1588542458.4592137,"logger":"fallback-logger","caller":"logging/config.go:69","msg":"Fetch GitHub commit ID from kodata failed: \"ref: refs/heads/0.8.0-**-support-backwards-incompats\" is not a valid GitHub commit ID"}
{"level":"info","ts":1588542458.4603918,"logger":"fallback-logger","caller":"creds-init/main.go:40","msg":"Credentials initialized."}

Showing logs for build [32mbeethub-environment-beet-k8s-1-mg67w-1[0m stage [32mfrom-build-pack[0m and container [32mstep-working-dir-initializer-788cc[0m
{"level":"warn","ts":1588542459.3635476,"logger":"fallback-logger","caller":"logging/config.go:69","msg":"Fetch GitHub commit ID from kodata failed: open /var/run/ko/HEAD: no such file or directory"}
{"level":"info","ts":1588542459.364883,"logger":"fallback-logger","caller":"bash/main.go:64","msg":"Successfully executed command \"sh -c mkdir -p /workspace/source\"; output "}

Showing logs for build [32mbeethub-environment-beet-k8s-1-mg67w-1[0m stage [32mfrom-build-pack[0m and container [32mstep-place-tools[0m

Showing logs for build [32mbeethub-environment-beet-k8s-1-mg67w-1[0m stage [32mfrom-build-pack[0m and container [32mstep-git-source-beethub-environment-beet-k8s-1-mg67w-bpm2f[0m
{"level":"warn","ts":1588542462.414227,"logger":"fallback-logger","caller":"logging/config.go:69","msg":"Fetch GitHub commit ID from kodata failed: \"ref: refs/heads/0.8.0-**-support-backwards-incompats\" is not a valid GitHub commit ID"}
{"level":"info","ts":1588542462.681784,"logger":"fallback-logger","caller":"git/git.go:103","msg":"Successfully cloned https://github.com/beethub/environment-beet-k8s-1-staging.git @ master in path /workspace/source"}

Showing logs for build [32mbeethub-environment-beet-k8s-1-mg67w-1[0m stage [32mfrom-build-pack[0m and container [32mstep-git-merge[0m
Using SHAs from PULL_REFS=master:7325e3da604ae7394dc44987ddf76f86bc23b76d,39:53537464743aa63c23ee2980d44ec137af3ed849
DEBUG: JX_LOG_LEVEL=error LC_ALL=C git fetch origin --unshallow 53537464743aa63c23ee2980d44ec137af3ed849: 7325e3da604ae7394dc44987ddf76f86bc23b76d:
DEBUG: ran git fetch --unshallow origin 53537464743aa63c23ee2980d44ec137af3ed849: 7325e3da604ae7394dc44987ddf76f86bc23b76d: in 
DEBUG: LC_ALL=C JX_LOG_LEVEL=error git branch
DEBUG: LC_ALL=C JX_LOG_LEVEL=error git checkout master
DEBUG: ran git checkout master in 
DEBUG: JX_LOG_LEVEL=error LC_ALL=C git reset --hard 7325e3da604ae7394dc44987ddf76f86bc23b76d
DEBUG: ran git reset --hard 7325e3da604ae7394dc44987ddf76f86bc23b76d in 
DEBUG: LC_ALL=C JX_LOG_LEVEL=error git clean -fd .
DEBUG: ran clean --force -d . in 
DEBUG: LC_ALL=C JX_LOG_LEVEL=error git merge 53537464743aa63c23ee2980d44ec137af3ed849
DEBUG: ran git merge 53537464743aa63c23ee2980d44ec137af3ed849 in 
DEBUG: JX_LOG_LEVEL=error LC_ALL=C git log --format=%H%x1f%an%x1f%ae%x1f%cn%x1f%ce%x1f%s%n%b%x1e 7325e3da604ae7394dc44987ddf76f86bc23b76d..HEAD
Merged SHA 53537464743aa63c23ee2980d44ec137af3ed849 with commit message 'chore: Promote api to version 0.0.16' into base branch master

Showing logs for build [32mbeethub-environment-beet-k8s-1-mg67w-1[0m stage [32mfrom-build-pack[0m and container [32mstep-build-helm-build[0m
WARNING: No $CHART_REPOSITORY defined so using the default value of: http://jenkins-x-chartmuseum:8080
Adding missing Helm repo: storage.googleapis.com https://storage.googleapis.com/chartmuseum.jenkins-x.io
Successfully added Helm repository storage.googleapis.com.
Adding missing Helm repo: jenkins-x-chartmuseum http://jenkins-x-chartmuseum:8080
Successfully added Helm repository jenkins-x-chartmuseum.
WARNING: No $CHART_REPOSITORY defined so using the default value of: http://jenkins-x-chartmuseum:8080
Adding missing Helm repo: chartmuseum.jenkins-x.io http://chartmuseum.jenkins-x.io
Successfully added Helm repository chartmuseum.jenkins-x.io.
Adding missing Helm repo: codecentric.github.io https://codecentric.github.io/helm-charts
Successfully added Helm repository codecentric.github.io.
