
Showing logs for build [32mbeethub-environment-beet-k8s-1-bn5nq-1[0m stage [32mfrom-build-pack[0m and container [32mstep-credential-initializer-tkf9q[0m
{"level":"warn","ts":1587409373.4043226,"logger":"fallback-logger","caller":"logging/config.go:69","msg":"Fetch GitHub commit ID from kodata failed: \"ref: refs/heads/0.8.0-**-support-backwards-incompats\" is not a valid GitHub commit ID"}
{"level":"info","ts":1587409373.407616,"logger":"fallback-logger","caller":"creds-init/main.go:40","msg":"Credentials initialized."}

Showing logs for build [32mbeethub-environment-beet-k8s-1-bn5nq-1[0m stage [32mfrom-build-pack[0m and container [32mstep-working-dir-initializer-924mm[0m
{"level":"warn","ts":1587409374.759678,"logger":"fallback-logger","caller":"logging/config.go:69","msg":"Fetch GitHub commit ID from kodata failed: open /var/run/ko/HEAD: no such file or directory"}
{"level":"info","ts":1587409374.7623715,"logger":"fallback-logger","caller":"bash/main.go:64","msg":"Successfully executed command \"sh -c mkdir -p /workspace/source\"; output "}

Showing logs for build [32mbeethub-environment-beet-k8s-1-bn5nq-1[0m stage [32mfrom-build-pack[0m and container [32mstep-place-tools[0m

Showing logs for build [32mbeethub-environment-beet-k8s-1-bn5nq-1[0m stage [32mfrom-build-pack[0m and container [32mstep-git-source-beethub-environment-beet-k8s-1-bn5nq-zhlcv[0m
{"level":"warn","ts":1587409378.858708,"logger":"fallback-logger","caller":"logging/config.go:69","msg":"Fetch GitHub commit ID from kodata failed: \"ref: refs/heads/0.8.0-**-support-backwards-incompats\" is not a valid GitHub commit ID"}
{"level":"info","ts":1587409379.197552,"logger":"fallback-logger","caller":"git/git.go:103","msg":"Successfully cloned https://github.com/beethub/environment-beet-k8s-1-staging.git @ master in path /workspace/source"}

Showing logs for build [32mbeethub-environment-beet-k8s-1-bn5nq-1[0m stage [32mfrom-build-pack[0m and container [32mstep-git-merge[0m
Using SHAs from PULL_REFS=master:1e8d380de23a0879988c88da296310025fa54a9d,22:4b476cb2d15e3b6d10e6ad0b0caf28df1200e5d3
DEBUG: LC_ALL=C JX_LOG_LEVEL=error git fetch origin --unshallow 4b476cb2d15e3b6d10e6ad0b0caf28df1200e5d3: 1e8d380de23a0879988c88da296310025fa54a9d:
DEBUG: ran git fetch --unshallow origin 4b476cb2d15e3b6d10e6ad0b0caf28df1200e5d3: 1e8d380de23a0879988c88da296310025fa54a9d: in 
DEBUG: JX_LOG_LEVEL=error LC_ALL=C git branch
DEBUG: LC_ALL=C JX_LOG_LEVEL=error git checkout master
DEBUG: ran git checkout master in 
DEBUG: JX_LOG_LEVEL=error LC_ALL=C git reset --hard 1e8d380de23a0879988c88da296310025fa54a9d
DEBUG: ran git reset --hard 1e8d380de23a0879988c88da296310025fa54a9d in 
DEBUG: JX_LOG_LEVEL=error LC_ALL=C git clean -fd .
DEBUG: ran clean --force -d . in 
DEBUG: LC_ALL=C JX_LOG_LEVEL=error git merge 4b476cb2d15e3b6d10e6ad0b0caf28df1200e5d3
DEBUG: ran git merge 4b476cb2d15e3b6d10e6ad0b0caf28df1200e5d3 in 
DEBUG: LC_ALL=C JX_LOG_LEVEL=error git log --format=%H%x1f%an%x1f%ae%x1f%cn%x1f%ce%x1f%s%n%b%x1e 1e8d380de23a0879988c88da296310025fa54a9d..HEAD
Merged SHA 4b476cb2d15e3b6d10e6ad0b0caf28df1200e5d3 with commit message 'chore: Promote api to version 0.0.7' into base branch master

Showing logs for build [32mbeethub-environment-beet-k8s-1-bn5nq-1[0m stage [32mfrom-build-pack[0m and container [32mstep-build-helm-build[0m
WARNING: No $CHART_REPOSITORY defined so using the default value of: http://jenkins-x-chartmuseum:8080
Adding missing Helm repo: storage.googleapis.com https://storage.googleapis.com/chartmuseum.jenkins-x.io
Successfully added Helm repository storage.googleapis.com.
Adding missing Helm repo: jenkins-x-chartmuseum http://jenkins-x-chartmuseum:8080
Successfully added Helm repository jenkins-x-chartmuseum.
WARNING: No $CHART_REPOSITORY defined so using the default value of: http://jenkins-x-chartmuseum:8080
Adding missing Helm repo: chartmuseum.jenkins-x.io http://chartmuseum.jenkins-x.io
Successfully added Helm repository chartmuseum.jenkins-x.io.
Adding missing Helm repo: codecentric.github.io https://codecentric.github.io/helm-charts
Successfully added Helm repository codecentric.github.io.
