
Showing logs for build [32mbeethub-environment-beet-k8s-1-2n77h-1[0m stage [32mfrom-build-pack[0m and container [32mstep-credential-initializer-4nth4[0m
{"level":"warn","ts":1587348324.5621018,"logger":"fallback-logger","caller":"logging/config.go:69","msg":"Fetch GitHub commit ID from kodata failed: \"ref: refs/heads/0.8.0-**-support-backwards-incompats\" is not a valid GitHub commit ID"}
{"level":"info","ts":1587348324.5628586,"logger":"fallback-logger","caller":"creds-init/main.go:40","msg":"Credentials initialized."}

Showing logs for build [32mbeethub-environment-beet-k8s-1-2n77h-1[0m stage [32mfrom-build-pack[0m and container [32mstep-working-dir-initializer-7kxhh[0m
{"level":"warn","ts":1587348325.2976964,"logger":"fallback-logger","caller":"logging/config.go:69","msg":"Fetch GitHub commit ID from kodata failed: open /var/run/ko/HEAD: no such file or directory"}
{"level":"info","ts":1587348325.299716,"logger":"fallback-logger","caller":"bash/main.go:64","msg":"Successfully executed command \"sh -c mkdir -p /workspace/source\"; output "}

Showing logs for build [32mbeethub-environment-beet-k8s-1-2n77h-1[0m stage [32mfrom-build-pack[0m and container [32mstep-place-tools[0m

Showing logs for build [32mbeethub-environment-beet-k8s-1-2n77h-1[0m stage [32mfrom-build-pack[0m and container [32mstep-git-source-beethub-environment-beet-k8s-1-2n77h-n5rtj[0m
{"level":"warn","ts":1587348329.5238194,"logger":"fallback-logger","caller":"logging/config.go:69","msg":"Fetch GitHub commit ID from kodata failed: \"ref: refs/heads/0.8.0-**-support-backwards-incompats\" is not a valid GitHub commit ID"}
{"level":"info","ts":1587348329.8093963,"logger":"fallback-logger","caller":"git/git.go:103","msg":"Successfully cloned https://github.com/beethub/environment-beet-k8s-1-staging.git @ master in path /workspace/source"}

Showing logs for build [32mbeethub-environment-beet-k8s-1-2n77h-1[0m stage [32mfrom-build-pack[0m and container [32mstep-git-merge[0m
Using SHAs from PULL_REFS=master:80c1b1198dac26bbbab969687aa8426cb39e9e11,20:190062143b7344d0d13f414a93a31427046c8140
DEBUG: LC_ALL=C JX_LOG_LEVEL=error git fetch origin --unshallow 190062143b7344d0d13f414a93a31427046c8140: 80c1b1198dac26bbbab969687aa8426cb39e9e11:
DEBUG: ran git fetch --unshallow origin 190062143b7344d0d13f414a93a31427046c8140: 80c1b1198dac26bbbab969687aa8426cb39e9e11: in 
DEBUG: LC_ALL=C JX_LOG_LEVEL=error git branch
DEBUG: LC_ALL=C JX_LOG_LEVEL=error git checkout master
DEBUG: ran git checkout master in 
DEBUG: LC_ALL=C JX_LOG_LEVEL=error git reset --hard 80c1b1198dac26bbbab969687aa8426cb39e9e11
DEBUG: ran git reset --hard 80c1b1198dac26bbbab969687aa8426cb39e9e11 in 
DEBUG: LC_ALL=C JX_LOG_LEVEL=error git clean -fd .
DEBUG: ran clean --force -d . in 
DEBUG: LC_ALL=C JX_LOG_LEVEL=error git merge 190062143b7344d0d13f414a93a31427046c8140
DEBUG: ran git merge 190062143b7344d0d13f414a93a31427046c8140 in 
DEBUG: LC_ALL=C JX_LOG_LEVEL=error git log --format=%H%x1f%an%x1f%ae%x1f%cn%x1f%ce%x1f%s%n%b%x1e 80c1b1198dac26bbbab969687aa8426cb39e9e11..HEAD
Merged SHA 190062143b7344d0d13f414a93a31427046c8140 with commit message 'chore: Promote api to version 0.0.5' into base branch master

Showing logs for build [32mbeethub-environment-beet-k8s-1-2n77h-1[0m stage [32mfrom-build-pack[0m and container [32mstep-build-helm-build[0m
WARNING: No $CHART_REPOSITORY defined so using the default value of: http://jenkins-x-chartmuseum:8080
Adding missing Helm repo: storage.googleapis.com https://storage.googleapis.com/chartmuseum.jenkins-x.io
Successfully added Helm repository storage.googleapis.com.
Adding missing Helm repo: jenkins-x-chartmuseum http://jenkins-x-chartmuseum:8080
Successfully added Helm repository jenkins-x-chartmuseum.
WARNING: No $CHART_REPOSITORY defined so using the default value of: http://jenkins-x-chartmuseum:8080
Adding missing Helm repo: chartmuseum.jenkins-x.io http://chartmuseum.jenkins-x.io
Successfully added Helm repository chartmuseum.jenkins-x.io.
Adding missing Helm repo: codecentric.github.io https://codecentric.github.io/helm-charts
Successfully added Helm repository codecentric.github.io.
