
Showing logs for build [32mbeethub-environment-beet-k8s-1-h42ss-1[0m stage [32mfrom-build-pack[0m and container [32mstep-credential-initializer-pbwdl[0m
{"level":"info","ts":1591901004.6873343,"logger":"fallback-logger","caller":"logging/config.go:69","msg":"Fetch GitHub commit ID from kodata failed: open /var/run/ko/refs/heads/0.8.0-ns-support: no such file or directory"}
{"level":"info","ts":1591901004.6916592,"logger":"fallback-logger","caller":"creds-init/main.go:40","msg":"Credentials initialized."}

Showing logs for build [32mbeethub-environment-beet-k8s-1-h42ss-1[0m stage [32mfrom-build-pack[0m and container [32mstep-working-dir-initializer-njnkd[0m
{"level":"info","ts":1591901005.738143,"logger":"fallback-logger","caller":"logging/config.go:69","msg":"Fetch GitHub commit ID from kodata failed: open /var/run/ko/HEAD: no such file or directory"}
{"level":"info","ts":1591901005.7435768,"logger":"fallback-logger","caller":"bash/main.go:64","msg":"Successfully executed command \"sh -c mkdir -p /workspace/source\"; output "}

Showing logs for build [32mbeethub-environment-beet-k8s-1-h42ss-1[0m stage [32mfrom-build-pack[0m and container [32mstep-place-tools[0m

Showing logs for build [32mbeethub-environment-beet-k8s-1-h42ss-1[0m stage [32mfrom-build-pack[0m and container [32mstep-git-source-beethub-environment-beet-k8s-1-h42ss-kvzjj[0m
{"level":"info","ts":1591901008.9380243,"logger":"fallback-logger","caller":"logging/config.go:69","msg":"Fetch GitHub commit ID from kodata failed: open /var/run/ko/refs/heads/0.8.0-ns-support: no such file or directory"}
{"level":"info","ts":1591901009.261863,"logger":"fallback-logger","caller":"git/git.go:103","msg":"Successfully cloned https://github.com/beethub/environment-beet-k8s-1-staging.git @ master in path /workspace/source"}

Showing logs for build [32mbeethub-environment-beet-k8s-1-h42ss-1[0m stage [32mfrom-build-pack[0m and container [32mstep-git-merge[0m
Using SHAs from PULL_REFS=master:a1e700382cbdf0dfc8dd5c960e228310fe8e1ad8,55:0d032881def171b46b1f6833f9f3e3980655fa52
DEBUG: LC_ALL=C JX_LOG_LEVEL=error git fetch origin --unshallow 0d032881def171b46b1f6833f9f3e3980655fa52: a1e700382cbdf0dfc8dd5c960e228310fe8e1ad8:
DEBUG: ran git fetch --unshallow origin 0d032881def171b46b1f6833f9f3e3980655fa52: a1e700382cbdf0dfc8dd5c960e228310fe8e1ad8: in 
DEBUG: LC_ALL=C JX_LOG_LEVEL=error git branch
DEBUG: JX_LOG_LEVEL=error LC_ALL=C git checkout master
DEBUG: ran git checkout master in 
DEBUG: LC_ALL=C JX_LOG_LEVEL=error git reset --hard a1e700382cbdf0dfc8dd5c960e228310fe8e1ad8
DEBUG: ran git reset --hard a1e700382cbdf0dfc8dd5c960e228310fe8e1ad8 in 
DEBUG: LC_ALL=C JX_LOG_LEVEL=error git clean -fd .
DEBUG: ran clean --force -d . in 
DEBUG: LC_ALL=C JX_LOG_LEVEL=error git merge 0d032881def171b46b1f6833f9f3e3980655fa52
DEBUG: ran git merge 0d032881def171b46b1f6833f9f3e3980655fa52 in 
DEBUG: LC_ALL=C JX_LOG_LEVEL=error git log --format=%H%x1f%an%x1f%ae%x1f%cn%x1f%ce%x1f%s%n%b%x1e a1e700382cbdf0dfc8dd5c960e228310fe8e1ad8..HEAD
Merged SHA 0d032881def171b46b1f6833f9f3e3980655fa52 with commit message 'chore: Promote beet to version 0.0.28' into base branch master

Showing logs for build [32mbeethub-environment-beet-k8s-1-h42ss-1[0m stage [32mfrom-build-pack[0m and container [32mstep-build-helm-build[0m
WARNING: No $CHART_REPOSITORY defined so using the default value of: http://jenkins-x-chartmuseum:8080
Adding missing Helm repo: storage.googleapis.com https://storage.googleapis.com/chartmuseum.jenkins-x.io
Successfully added Helm repository storage.googleapis.com.
Adding missing Helm repo: jenkins-x-chartmuseum http://jenkins-x-chartmuseum:8080
Successfully added Helm repository jenkins-x-chartmuseum.
WARNING: No $CHART_REPOSITORY defined so using the default value of: http://jenkins-x-chartmuseum:8080
Adding missing Helm repo: chartmuseum.jenkins-x.io http://chartmuseum.jenkins-x.io
Successfully added Helm repository chartmuseum.jenkins-x.io.
Adding missing Helm repo: codecentric.github.io https://codecentric.github.io/helm-charts
Successfully added Helm repository codecentric.github.io.
