
Showing logs for build [32mbeethub-environment-beet-k8s-1-26rqs-1[0m stage [32mfrom-build-pack[0m and container [32mstep-credential-initializer-x87x4[0m
{"level":"warn","ts":1588543078.9400668,"logger":"fallback-logger","caller":"logging/config.go:69","msg":"Fetch GitHub commit ID from kodata failed: \"ref: refs/heads/0.8.0-**-support-backwards-incompats\" is not a valid GitHub commit ID"}
{"level":"info","ts":1588543078.9408047,"logger":"fallback-logger","caller":"creds-init/main.go:40","msg":"Credentials initialized."}

Showing logs for build [32mbeethub-environment-beet-k8s-1-26rqs-1[0m stage [32mfrom-build-pack[0m and container [32mstep-working-dir-initializer-t9p84[0m
{"level":"warn","ts":1588543079.930693,"logger":"fallback-logger","caller":"logging/config.go:69","msg":"Fetch GitHub commit ID from kodata failed: open /var/run/ko/HEAD: no such file or directory"}
{"level":"info","ts":1588543079.9320216,"logger":"fallback-logger","caller":"bash/main.go:64","msg":"Successfully executed command \"sh -c mkdir -p /workspace/source\"; output "}

Showing logs for build [32mbeethub-environment-beet-k8s-1-26rqs-1[0m stage [32mfrom-build-pack[0m and container [32mstep-place-tools[0m

Showing logs for build [32mbeethub-environment-beet-k8s-1-26rqs-1[0m stage [32mfrom-build-pack[0m and container [32mstep-git-source-beethub-environment-beet-k8s-1-26rqs-rgpl2[0m
{"level":"warn","ts":1588543083.9999256,"logger":"fallback-logger","caller":"logging/config.go:69","msg":"Fetch GitHub commit ID from kodata failed: \"ref: refs/heads/0.8.0-**-support-backwards-incompats\" is not a valid GitHub commit ID"}
{"level":"info","ts":1588543084.2570605,"logger":"fallback-logger","caller":"git/git.go:103","msg":"Successfully cloned https://github.com/beethub/environment-beet-k8s-1-staging.git @ master in path /workspace/source"}

Showing logs for build [32mbeethub-environment-beet-k8s-1-26rqs-1[0m stage [32mfrom-build-pack[0m and container [32mstep-git-merge[0m
Using SHAs from PULL_REFS=master:2840f373c25478985f557855cb2c6a4cf6e4709d,40:186b5082c6cf2d2bc3a0d9acd76cc36fd4fccec5
DEBUG: LC_ALL=C JX_LOG_LEVEL=error git fetch origin --unshallow 186b5082c6cf2d2bc3a0d9acd76cc36fd4fccec5: 2840f373c25478985f557855cb2c6a4cf6e4709d:
DEBUG: ran git fetch --unshallow origin 186b5082c6cf2d2bc3a0d9acd76cc36fd4fccec5: 2840f373c25478985f557855cb2c6a4cf6e4709d: in 
DEBUG: JX_LOG_LEVEL=error LC_ALL=C git branch
DEBUG: LC_ALL=C JX_LOG_LEVEL=error git checkout master
DEBUG: ran git checkout master in 
DEBUG: LC_ALL=C JX_LOG_LEVEL=error git reset --hard 2840f373c25478985f557855cb2c6a4cf6e4709d
DEBUG: ran git reset --hard 2840f373c25478985f557855cb2c6a4cf6e4709d in 
DEBUG: LC_ALL=C JX_LOG_LEVEL=error git clean -fd .
DEBUG: ran clean --force -d . in 
DEBUG: LC_ALL=C JX_LOG_LEVEL=error git merge 186b5082c6cf2d2bc3a0d9acd76cc36fd4fccec5
DEBUG: ran git merge 186b5082c6cf2d2bc3a0d9acd76cc36fd4fccec5 in 
DEBUG: LC_ALL=C JX_LOG_LEVEL=error git log --format=%H%x1f%an%x1f%ae%x1f%cn%x1f%ce%x1f%s%n%b%x1e 2840f373c25478985f557855cb2c6a4cf6e4709d..HEAD
Merged SHA 186b5082c6cf2d2bc3a0d9acd76cc36fd4fccec5 with commit message 'chore: Promote beet to version 0.0.14' into base branch master

Showing logs for build [32mbeethub-environment-beet-k8s-1-26rqs-1[0m stage [32mfrom-build-pack[0m and container [32mstep-build-helm-build[0m
WARNING: No $CHART_REPOSITORY defined so using the default value of: http://jenkins-x-chartmuseum:8080
Adding missing Helm repo: storage.googleapis.com https://storage.googleapis.com/chartmuseum.jenkins-x.io
Successfully added Helm repository storage.googleapis.com.
Adding missing Helm repo: jenkins-x-chartmuseum http://jenkins-x-chartmuseum:8080
Successfully added Helm repository jenkins-x-chartmuseum.
WARNING: No $CHART_REPOSITORY defined so using the default value of: http://jenkins-x-chartmuseum:8080
Adding missing Helm repo: chartmuseum.jenkins-x.io http://chartmuseum.jenkins-x.io
Successfully added Helm repository chartmuseum.jenkins-x.io.
Adding missing Helm repo: codecentric.github.io https://codecentric.github.io/helm-charts
Successfully added Helm repository codecentric.github.io.
