
Showing logs for build [32mbeethub-environment-beet-k8s-1-j988q-1[0m stage [32mfrom-build-pack[0m and container [32mstep-credential-initializer-djlv5[0m
{"level":"warn","ts":1585880183.8126085,"logger":"fallback-logger","caller":"logging/config.go:69","msg":"Fetch GitHub commit ID from kodata failed: \"ref: refs/heads/0.8.0-**-support-backwards-incompats\" is not a valid GitHub commit ID"}
{"level":"info","ts":1585880183.8133936,"logger":"fallback-logger","caller":"creds-init/main.go:40","msg":"Credentials initialized."}

Showing logs for build [32mbeethub-environment-beet-k8s-1-j988q-1[0m stage [32mfrom-build-pack[0m and container [32mstep-working-dir-initializer-hfsp8[0m
{"level":"warn","ts":1585880184.7560034,"logger":"fallback-logger","caller":"logging/config.go:69","msg":"Fetch GitHub commit ID from kodata failed: open /var/run/ko/HEAD: no such file or directory"}
{"level":"info","ts":1585880184.7572377,"logger":"fallback-logger","caller":"bash/main.go:64","msg":"Successfully executed command \"sh -c mkdir -p /workspace/source\"; output "}

Showing logs for build [32mbeethub-environment-beet-k8s-1-j988q-1[0m stage [32mfrom-build-pack[0m and container [32mstep-place-tools[0m

Showing logs for build [32mbeethub-environment-beet-k8s-1-j988q-1[0m stage [32mfrom-build-pack[0m and container [32mstep-git-source-beethub-environment-beet-k8s-1-j988q-k5bkg[0m
{"level":"warn","ts":1585880188.8046892,"logger":"fallback-logger","caller":"logging/config.go:69","msg":"Fetch GitHub commit ID from kodata failed: \"ref: refs/heads/0.8.0-**-support-backwards-incompats\" is not a valid GitHub commit ID"}
{"level":"info","ts":1585880189.0394514,"logger":"fallback-logger","caller":"git/git.go:103","msg":"Successfully cloned https://github.com/beethub/environment-beet-k8s-1-staging.git @ master in path /workspace/source"}

Showing logs for build [32mbeethub-environment-beet-k8s-1-j988q-1[0m stage [32mfrom-build-pack[0m and container [32mstep-git-merge[0m
Using SHAs from PULL_REFS=master:a65beb0452f250f5a143ac7f047f7a79311cf50c,16:b858ad7ee49e5d47c32cd8fed2412d5510f8fc4d
DEBUG: LC_ALL=C JX_LOG_LEVEL=error git fetch origin --unshallow b858ad7ee49e5d47c32cd8fed2412d5510f8fc4d: a65beb0452f250f5a143ac7f047f7a79311cf50c:
DEBUG: ran git fetch --unshallow origin b858ad7ee49e5d47c32cd8fed2412d5510f8fc4d: a65beb0452f250f5a143ac7f047f7a79311cf50c: in 
DEBUG: LC_ALL=C JX_LOG_LEVEL=error git branch
DEBUG: LC_ALL=C JX_LOG_LEVEL=error git checkout master
DEBUG: ran git checkout master in 
DEBUG: LC_ALL=C JX_LOG_LEVEL=error git reset --hard a65beb0452f250f5a143ac7f047f7a79311cf50c
DEBUG: ran git reset --hard a65beb0452f250f5a143ac7f047f7a79311cf50c in 
DEBUG: LC_ALL=C JX_LOG_LEVEL=error git clean -fd .
DEBUG: ran clean --force -d . in 
DEBUG: JX_LOG_LEVEL=error LC_ALL=C git merge b858ad7ee49e5d47c32cd8fed2412d5510f8fc4d
DEBUG: ran git merge b858ad7ee49e5d47c32cd8fed2412d5510f8fc4d in 
DEBUG: LC_ALL=C JX_LOG_LEVEL=error git log --format=%H%x1f%an%x1f%ae%x1f%cn%x1f%ce%x1f%s%n%b%x1e a65beb0452f250f5a143ac7f047f7a79311cf50c..HEAD
Merged SHA b858ad7ee49e5d47c32cd8fed2412d5510f8fc4d with commit message 'chore: Promote beet to version 0.0.7' into base branch master

Showing logs for build [32mbeethub-environment-beet-k8s-1-j988q-1[0m stage [32mfrom-build-pack[0m and container [32mstep-build-helm-build[0m
WARNING: No $CHART_REPOSITORY defined so using the default value of: http://jenkins-x-chartmuseum:8080
Adding missing Helm repo: storage.googleapis.com https://storage.googleapis.com/chartmuseum.jenkins-x.io
Successfully added Helm repository storage.googleapis.com.
Adding missing Helm repo: jenkins-x-chartmuseum http://jenkins-x-chartmuseum:8080
Successfully added Helm repository jenkins-x-chartmuseum.
WARNING: No $CHART_REPOSITORY defined so using the default value of: http://jenkins-x-chartmuseum:8080
Adding missing Helm repo: chartmuseum.jenkins-x.io http://chartmuseum.jenkins-x.io
Successfully added Helm repository chartmuseum.jenkins-x.io.
Adding missing Helm repo: codecentric.github.io https://codecentric.github.io/helm-charts
Successfully added Helm repository codecentric.github.io.
