
Showing logs for build [32mbeethub-environment-beet-k8s-1-df2gn-1[0m stage [32mfrom-build-pack[0m and container [32mstep-credential-initializer-gs95b[0m
{"level":"info","ts":1590517741.3770714,"logger":"fallback-logger","caller":"logging/config.go:69","msg":"Fetch GitHub commit ID from kodata failed: open /var/run/ko/refs/heads/0.8.0-ns-support: no such file or directory"}
{"level":"info","ts":1590517741.3776143,"logger":"fallback-logger","caller":"creds-init/main.go:40","msg":"Credentials initialized."}

Showing logs for build [32mbeethub-environment-beet-k8s-1-df2gn-1[0m stage [32mfrom-build-pack[0m and container [32mstep-working-dir-initializer-cknv7[0m
{"level":"info","ts":1590517742.6220546,"logger":"fallback-logger","caller":"logging/config.go:69","msg":"Fetch GitHub commit ID from kodata failed: open /var/run/ko/HEAD: no such file or directory"}
{"level":"info","ts":1590517742.6278203,"logger":"fallback-logger","caller":"bash/main.go:64","msg":"Successfully executed command \"sh -c mkdir -p /workspace/source\"; output "}

Showing logs for build [32mbeethub-environment-beet-k8s-1-df2gn-1[0m stage [32mfrom-build-pack[0m and container [32mstep-place-tools[0m

Showing logs for build [32mbeethub-environment-beet-k8s-1-df2gn-1[0m stage [32mfrom-build-pack[0m and container [32mstep-git-source-beethub-environment-beet-k8s-1-df2gn-ch6t8[0m
{"level":"info","ts":1590517762.6745946,"logger":"fallback-logger","caller":"logging/config.go:69","msg":"Fetch GitHub commit ID from kodata failed: open /var/run/ko/refs/heads/0.8.0-ns-support: no such file or directory"}
{"level":"info","ts":1590517762.9755483,"logger":"fallback-logger","caller":"git/git.go:103","msg":"Successfully cloned https://github.com/beethub/environment-beet-k8s-1-staging.git @ master in path /workspace/source"}

Showing logs for build [32mbeethub-environment-beet-k8s-1-df2gn-1[0m stage [32mfrom-build-pack[0m and container [32mstep-git-merge[0m
Using SHAs from PULL_REFS=master:278b62736198bac150290ce053173df783ba9489,49:f01fd4aa240bbb280eacaddbcd54eb2256db576e
DEBUG: LC_ALL=C JX_LOG_LEVEL=error git fetch origin --unshallow f01fd4aa240bbb280eacaddbcd54eb2256db576e: 278b62736198bac150290ce053173df783ba9489:
DEBUG: ran git fetch --unshallow origin f01fd4aa240bbb280eacaddbcd54eb2256db576e: 278b62736198bac150290ce053173df783ba9489: in 
DEBUG: LC_ALL=C JX_LOG_LEVEL=error git branch
DEBUG: LC_ALL=C JX_LOG_LEVEL=error git checkout master
DEBUG: ran git checkout master in 
DEBUG: JX_LOG_LEVEL=error LC_ALL=C git reset --hard 278b62736198bac150290ce053173df783ba9489
DEBUG: ran git reset --hard 278b62736198bac150290ce053173df783ba9489 in 
DEBUG: LC_ALL=C JX_LOG_LEVEL=error git clean -fd .
DEBUG: ran clean --force -d . in 
DEBUG: LC_ALL=C JX_LOG_LEVEL=error git merge f01fd4aa240bbb280eacaddbcd54eb2256db576e
DEBUG: ran git merge f01fd4aa240bbb280eacaddbcd54eb2256db576e in 
DEBUG: JX_LOG_LEVEL=error LC_ALL=C git log --format=%H%x1f%an%x1f%ae%x1f%cn%x1f%ce%x1f%s%n%b%x1e 278b62736198bac150290ce053173df783ba9489..HEAD
Merged SHA f01fd4aa240bbb280eacaddbcd54eb2256db576e with commit message 'chore: Promote beet to version 0.0.23' into base branch master

Showing logs for build [32mbeethub-environment-beet-k8s-1-df2gn-1[0m stage [32mfrom-build-pack[0m and container [32mstep-build-helm-build[0m
WARNING: No $CHART_REPOSITORY defined so using the default value of: http://jenkins-x-chartmuseum:8080
Adding missing Helm repo: storage.googleapis.com https://storage.googleapis.com/chartmuseum.jenkins-x.io
Successfully added Helm repository storage.googleapis.com.
Adding missing Helm repo: jenkins-x-chartmuseum http://jenkins-x-chartmuseum:8080
Successfully added Helm repository jenkins-x-chartmuseum.
WARNING: No $CHART_REPOSITORY defined so using the default value of: http://jenkins-x-chartmuseum:8080
Adding missing Helm repo: chartmuseum.jenkins-x.io http://chartmuseum.jenkins-x.io
Successfully added Helm repository chartmuseum.jenkins-x.io.
Adding missing Helm repo: codecentric.github.io https://codecentric.github.io/helm-charts
Successfully added Helm repository codecentric.github.io.
