
Showing logs for build [32mbeethub-environment-beet-k8s-1-jrlbh-1[0m stage [32mfrom-build-pack[0m and container [32mstep-credential-initializer-ksxlm[0m
{"level":"warn","ts":1584125549.6618237,"logger":"fallback-logger","caller":"logging/config.go:69","msg":"Fetch GitHub commit ID from kodata failed: \"ref: refs/heads/0.8.0-**-support-backwards-incompats\" is not a valid GitHub commit ID"}
{"level":"info","ts":1584125549.662543,"logger":"fallback-logger","caller":"creds-init/main.go:40","msg":"Credentials initialized."}

Showing logs for build [32mbeethub-environment-beet-k8s-1-jrlbh-1[0m stage [32mfrom-build-pack[0m and container [32mstep-working-dir-initializer-lrfwd[0m
{"level":"warn","ts":1584125550.7049608,"logger":"fallback-logger","caller":"logging/config.go:69","msg":"Fetch GitHub commit ID from kodata failed: open /var/run/ko/HEAD: no such file or directory"}
{"level":"info","ts":1584125550.707145,"logger":"fallback-logger","caller":"bash/main.go:64","msg":"Successfully executed command \"sh -c mkdir -p /workspace/source\"; output "}

Showing logs for build [32mbeethub-environment-beet-k8s-1-jrlbh-1[0m stage [32mfrom-build-pack[0m and container [32mstep-place-tools[0m

Showing logs for build [32mbeethub-environment-beet-k8s-1-jrlbh-1[0m stage [32mfrom-build-pack[0m and container [32mstep-git-source-beethub-environment-beet-k8s-1-jrlbh-wgctd[0m
{"level":"warn","ts":1584125555.8500462,"logger":"fallback-logger","caller":"logging/config.go:69","msg":"Fetch GitHub commit ID from kodata failed: \"ref: refs/heads/0.8.0-**-support-backwards-incompats\" is not a valid GitHub commit ID"}
{"level":"info","ts":1584125556.1190407,"logger":"fallback-logger","caller":"git/git.go:103","msg":"Successfully cloned https://github.com/beethub/environment-beet-k8s-1-staging.git @ master in path /workspace/source"}

Showing logs for build [32mbeethub-environment-beet-k8s-1-jrlbh-1[0m stage [32mfrom-build-pack[0m and container [32mstep-git-merge[0m
Using SHAs from PULL_REFS=master:ce6a659fcb4e411b27410c05cd8b75a0e2d345bd,2:a3502c3305c311e7e3193d6bd00445b44fa3cae9
DEBUG: LC_ALL=C JX_LOG_LEVEL=error git fetch origin --unshallow a3502c3305c311e7e3193d6bd00445b44fa3cae9: ce6a659fcb4e411b27410c05cd8b75a0e2d345bd:
DEBUG: ran git fetch --unshallow origin a3502c3305c311e7e3193d6bd00445b44fa3cae9: ce6a659fcb4e411b27410c05cd8b75a0e2d345bd: in 
DEBUG: LC_ALL=C JX_LOG_LEVEL=error git branch
DEBUG: LC_ALL=C JX_LOG_LEVEL=error git checkout master
DEBUG: ran git checkout master in 
DEBUG: LC_ALL=C JX_LOG_LEVEL=error git reset --hard ce6a659fcb4e411b27410c05cd8b75a0e2d345bd
DEBUG: ran git reset --hard ce6a659fcb4e411b27410c05cd8b75a0e2d345bd in 
DEBUG: JX_LOG_LEVEL=error LC_ALL=C git clean -fd .
DEBUG: ran clean --force -d . in 
DEBUG: LC_ALL=C JX_LOG_LEVEL=error git merge a3502c3305c311e7e3193d6bd00445b44fa3cae9
DEBUG: ran git merge a3502c3305c311e7e3193d6bd00445b44fa3cae9 in 
DEBUG: LC_ALL=C JX_LOG_LEVEL=error git log --format=%H%x1f%an%x1f%ae%x1f%cn%x1f%ce%x1f%s%n%b%x1e ce6a659fcb4e411b27410c05cd8b75a0e2d345bd..HEAD
Merged SHA a3502c3305c311e7e3193d6bd00445b44fa3cae9 with commit message 'chore: Promote receipt-api to version 0.0.5' into base branch master

Showing logs for build [32mbeethub-environment-beet-k8s-1-jrlbh-1[0m stage [32mfrom-build-pack[0m and container [32mstep-build-helm-build[0m
WARNING: No $CHART_REPOSITORY defined so using the default value of: http://jenkins-x-chartmuseum:8080
Adding missing Helm repo: storage.googleapis.com https://storage.googleapis.com/chartmuseum.jenkins-x.io
Successfully added Helm repository storage.googleapis.com.
Adding missing Helm repo: jenkins-x-chartmuseum http://jenkins-x-chartmuseum:8080
Successfully added Helm repository jenkins-x-chartmuseum.
WARNING: No $CHART_REPOSITORY defined so using the default value of: http://jenkins-x-chartmuseum:8080
Adding missing Helm repo: chartmuseum.jenkins-x.io http://chartmuseum.jenkins-x.io
Successfully added Helm repository chartmuseum.jenkins-x.io.
