
Showing logs for build [32mbeethub-environment-beet-k8s-1-v7pzt-2[0m stage [32mfrom-build-pack[0m and container [32mstep-credential-initializer-2lmkg[0m
{"level":"warn","ts":1587945268.5471585,"logger":"fallback-logger","caller":"logging/config.go:69","msg":"Fetch GitHub commit ID from kodata failed: \"ref: refs/heads/0.8.0-**-support-backwards-incompats\" is not a valid GitHub commit ID"}
{"level":"info","ts":1587945268.5476694,"logger":"fallback-logger","caller":"creds-init/main.go:40","msg":"Credentials initialized."}

Showing logs for build [32mbeethub-environment-beet-k8s-1-v7pzt-2[0m stage [32mfrom-build-pack[0m and container [32mstep-working-dir-initializer-lr4wh[0m
{"level":"warn","ts":1587945269.4354448,"logger":"fallback-logger","caller":"logging/config.go:69","msg":"Fetch GitHub commit ID from kodata failed: open /var/run/ko/HEAD: no such file or directory"}
{"level":"info","ts":1587945269.4408195,"logger":"fallback-logger","caller":"bash/main.go:64","msg":"Successfully executed command \"sh -c mkdir -p /workspace/source\"; output "}

Showing logs for build [32mbeethub-environment-beet-k8s-1-v7pzt-2[0m stage [32mfrom-build-pack[0m and container [32mstep-place-tools[0m

Showing logs for build [32mbeethub-environment-beet-k8s-1-v7pzt-2[0m stage [32mfrom-build-pack[0m and container [32mstep-git-source-beethub-environment-beet-k8s-1-v7pzt-pj2pv[0m
{"level":"warn","ts":1587945272.5462735,"logger":"fallback-logger","caller":"logging/config.go:69","msg":"Fetch GitHub commit ID from kodata failed: \"ref: refs/heads/0.8.0-**-support-backwards-incompats\" is not a valid GitHub commit ID"}
{"level":"info","ts":1587945272.8100657,"logger":"fallback-logger","caller":"git/git.go:103","msg":"Successfully cloned https://github.com/beethub/environment-beet-k8s-1-staging.git @ master in path /workspace/source"}

Showing logs for build [32mbeethub-environment-beet-k8s-1-v7pzt-2[0m stage [32mfrom-build-pack[0m and container [32mstep-git-merge[0m
Using SHAs from PULL_REFS=master:5e7ae2664975ce363b4d784f927f6ab0541dc08d,37:174739b9890833a7a8bc2956a2245106c8e87342
DEBUG: LC_ALL=C JX_LOG_LEVEL=error git fetch origin --unshallow 174739b9890833a7a8bc2956a2245106c8e87342: 5e7ae2664975ce363b4d784f927f6ab0541dc08d:
DEBUG: ran git fetch --unshallow origin 174739b9890833a7a8bc2956a2245106c8e87342: 5e7ae2664975ce363b4d784f927f6ab0541dc08d: in 
DEBUG: LC_ALL=C JX_LOG_LEVEL=error git branch
DEBUG: JX_LOG_LEVEL=error LC_ALL=C git checkout master
DEBUG: ran git checkout master in 
DEBUG: LC_ALL=C JX_LOG_LEVEL=error git reset --hard 5e7ae2664975ce363b4d784f927f6ab0541dc08d
DEBUG: ran git reset --hard 5e7ae2664975ce363b4d784f927f6ab0541dc08d in 
DEBUG: LC_ALL=C JX_LOG_LEVEL=error git clean -fd .
DEBUG: ran clean --force -d . in 
DEBUG: LC_ALL=C JX_LOG_LEVEL=error git merge 174739b9890833a7a8bc2956a2245106c8e87342
DEBUG: ran git merge 174739b9890833a7a8bc2956a2245106c8e87342 in 
DEBUG: LC_ALL=C JX_LOG_LEVEL=error git log --format=%H%x1f%an%x1f%ae%x1f%cn%x1f%ce%x1f%s%n%b%x1e 5e7ae2664975ce363b4d784f927f6ab0541dc08d..HEAD

Showing logs for build [32mbeethub-environment-beet-k8s-1-v7pzt-2[0m stage [32mfrom-build-pack[0m and container [32mstep-build-helm-build[0m
WARNING: No $CHART_REPOSITORY defined so using the default value of: http://jenkins-x-chartmuseum:8080
Adding missing Helm repo: storage.googleapis.com https://storage.googleapis.com/chartmuseum.jenkins-x.io
Successfully added Helm repository storage.googleapis.com.
Adding missing Helm repo: jenkins-x-chartmuseum http://jenkins-x-chartmuseum:8080
Successfully added Helm repository jenkins-x-chartmuseum.
WARNING: No $CHART_REPOSITORY defined so using the default value of: http://jenkins-x-chartmuseum:8080
Adding missing Helm repo: chartmuseum.jenkins-x.io http://chartmuseum.jenkins-x.io
Successfully added Helm repository chartmuseum.jenkins-x.io.
Adding missing Helm repo: codecentric.github.io https://codecentric.github.io/helm-charts
Successfully added Helm repository codecentric.github.io.
