
Showing logs for build [32mbeethub-environment-beet-k8s-1-nkq9c-1[0m stage [32mfrom-build-pack[0m and container [32mstep-credential-initializer-fvrq8[0m
{"level":"warn","ts":1584470794.8965988,"logger":"fallback-logger","caller":"logging/config.go:69","msg":"Fetch GitHub commit ID from kodata failed: \"ref: refs/heads/0.8.0-**-support-backwards-incompats\" is not a valid GitHub commit ID"}
{"level":"info","ts":1584470794.8971348,"logger":"fallback-logger","caller":"creds-init/main.go:40","msg":"Credentials initialized."}

Showing logs for build [32mbeethub-environment-beet-k8s-1-nkq9c-1[0m stage [32mfrom-build-pack[0m and container [32mstep-working-dir-initializer-954qd[0m
{"level":"warn","ts":1584470796.0565941,"logger":"fallback-logger","caller":"logging/config.go:69","msg":"Fetch GitHub commit ID from kodata failed: open /var/run/ko/HEAD: no such file or directory"}
{"level":"info","ts":1584470796.0646584,"logger":"fallback-logger","caller":"bash/main.go:64","msg":"Successfully executed command \"sh -c mkdir -p /workspace/source\"; output "}

Showing logs for build [32mbeethub-environment-beet-k8s-1-nkq9c-1[0m stage [32mfrom-build-pack[0m and container [32mstep-place-tools[0m

Showing logs for build [32mbeethub-environment-beet-k8s-1-nkq9c-1[0m stage [32mfrom-build-pack[0m and container [32mstep-git-source-beethub-environment-beet-k8s-1-nkq9c-bbwjv[0m
{"level":"warn","ts":1584470799.3348477,"logger":"fallback-logger","caller":"logging/config.go:69","msg":"Fetch GitHub commit ID from kodata failed: \"ref: refs/heads/0.8.0-**-support-backwards-incompats\" is not a valid GitHub commit ID"}
{"level":"info","ts":1584470799.6193423,"logger":"fallback-logger","caller":"git/git.go:103","msg":"Successfully cloned https://github.com/beethub/environment-beet-k8s-1-staging.git @ master in path /workspace/source"}

Showing logs for build [32mbeethub-environment-beet-k8s-1-nkq9c-1[0m stage [32mfrom-build-pack[0m and container [32mstep-git-merge[0m
Using SHAs from PULL_REFS=master:26590e46648897fe1400f461ef58c40dcd74b75e,4:f07ed82085560d1bc0d0b019c4576f0d0e421f8f
DEBUG: LC_ALL=C JX_LOG_LEVEL=error git fetch origin --unshallow f07ed82085560d1bc0d0b019c4576f0d0e421f8f: 26590e46648897fe1400f461ef58c40dcd74b75e:
DEBUG: ran git fetch --unshallow origin f07ed82085560d1bc0d0b019c4576f0d0e421f8f: 26590e46648897fe1400f461ef58c40dcd74b75e: in 
DEBUG: LC_ALL=C JX_LOG_LEVEL=error git branch
DEBUG: LC_ALL=C JX_LOG_LEVEL=error git checkout master
DEBUG: ran git checkout master in 
DEBUG: JX_LOG_LEVEL=error LC_ALL=C git reset --hard 26590e46648897fe1400f461ef58c40dcd74b75e
DEBUG: ran git reset --hard 26590e46648897fe1400f461ef58c40dcd74b75e in 
DEBUG: LC_ALL=C JX_LOG_LEVEL=error git clean -fd .
DEBUG: ran clean --force -d . in 
DEBUG: LC_ALL=C JX_LOG_LEVEL=error git merge f07ed82085560d1bc0d0b019c4576f0d0e421f8f
DEBUG: ran git merge f07ed82085560d1bc0d0b019c4576f0d0e421f8f in 
DEBUG: LC_ALL=C JX_LOG_LEVEL=error git log --format=%H%x1f%an%x1f%ae%x1f%cn%x1f%ce%x1f%s%n%b%x1e 26590e46648897fe1400f461ef58c40dcd74b75e..HEAD
Merged SHA f07ed82085560d1bc0d0b019c4576f0d0e421f8f with commit message 'Remove Naspace for the urlTemplate' into base branch master

Showing logs for build [32mbeethub-environment-beet-k8s-1-nkq9c-1[0m stage [32mfrom-build-pack[0m and container [32mstep-build-helm-build[0m
WARNING: No $CHART_REPOSITORY defined so using the default value of: http://jenkins-x-chartmuseum:8080
Adding missing Helm repo: storage.googleapis.com https://storage.googleapis.com/chartmuseum.jenkins-x.io
Successfully added Helm repository storage.googleapis.com.
Adding missing Helm repo: jenkins-x-chartmuseum http://jenkins-x-chartmuseum:8080
Successfully added Helm repository jenkins-x-chartmuseum.
WARNING: No $CHART_REPOSITORY defined so using the default value of: http://jenkins-x-chartmuseum:8080
Adding missing Helm repo: chartmuseum.jenkins-x.io http://chartmuseum.jenkins-x.io
Successfully added Helm repository chartmuseum.jenkins-x.io.
