
Showing logs for build [32mbeethub-environment-beet-k8s-1-b87nw-1[0m stage [32mfrom-build-pack[0m and container [32mstep-credential-initializer-wdk8n[0m
{"level":"warn","ts":1585789985.2958078,"logger":"fallback-logger","caller":"logging/config.go:69","msg":"Fetch GitHub commit ID from kodata failed: \"ref: refs/heads/0.8.0-**-support-backwards-incompats\" is not a valid GitHub commit ID"}
{"level":"info","ts":1585789985.296162,"logger":"fallback-logger","caller":"creds-init/main.go:40","msg":"Credentials initialized."}

Showing logs for build [32mbeethub-environment-beet-k8s-1-b87nw-1[0m stage [32mfrom-build-pack[0m and container [32mstep-working-dir-initializer-xcfkn[0m
{"level":"warn","ts":1585789986.6009388,"logger":"fallback-logger","caller":"logging/config.go:69","msg":"Fetch GitHub commit ID from kodata failed: open /var/run/ko/HEAD: no such file or directory"}
{"level":"info","ts":1585789986.602522,"logger":"fallback-logger","caller":"bash/main.go:64","msg":"Successfully executed command \"sh -c mkdir -p /workspace/source\"; output "}

Showing logs for build [32mbeethub-environment-beet-k8s-1-b87nw-1[0m stage [32mfrom-build-pack[0m and container [32mstep-place-tools[0m

Showing logs for build [32mbeethub-environment-beet-k8s-1-b87nw-1[0m stage [32mfrom-build-pack[0m and container [32mstep-git-source-beethub-environment-beet-k8s-1-b87nw-ccsql[0m
{"level":"warn","ts":1585789991.8219824,"logger":"fallback-logger","caller":"logging/config.go:69","msg":"Fetch GitHub commit ID from kodata failed: \"ref: refs/heads/0.8.0-**-support-backwards-incompats\" is not a valid GitHub commit ID"}
{"level":"info","ts":1585789992.0997164,"logger":"fallback-logger","caller":"git/git.go:103","msg":"Successfully cloned https://github.com/beethub/environment-beet-k8s-1-staging.git @ master in path /workspace/source"}

Showing logs for build [32mbeethub-environment-beet-k8s-1-b87nw-1[0m stage [32mfrom-build-pack[0m and container [32mstep-git-merge[0m
Using SHAs from PULL_REFS=master:05d8fdaf8a7177f9a7f1dc12173b1bd7dd402e60,12:45dd91eb2f8735050bcd0c38fb7a02395c0d0353
DEBUG: LC_ALL=C JX_LOG_LEVEL=error git fetch origin --unshallow 45dd91eb2f8735050bcd0c38fb7a02395c0d0353: 05d8fdaf8a7177f9a7f1dc12173b1bd7dd402e60:
DEBUG: ran git fetch --unshallow origin 45dd91eb2f8735050bcd0c38fb7a02395c0d0353: 05d8fdaf8a7177f9a7f1dc12173b1bd7dd402e60: in 
DEBUG: LC_ALL=C JX_LOG_LEVEL=error git branch
DEBUG: LC_ALL=C JX_LOG_LEVEL=error git checkout master
DEBUG: ran git checkout master in 
DEBUG: LC_ALL=C JX_LOG_LEVEL=error git reset --hard 05d8fdaf8a7177f9a7f1dc12173b1bd7dd402e60
DEBUG: ran git reset --hard 05d8fdaf8a7177f9a7f1dc12173b1bd7dd402e60 in 
DEBUG: LC_ALL=C JX_LOG_LEVEL=error git clean -fd .
DEBUG: ran clean --force -d . in 
DEBUG: LC_ALL=C JX_LOG_LEVEL=error git merge 45dd91eb2f8735050bcd0c38fb7a02395c0d0353
DEBUG: ran git merge 45dd91eb2f8735050bcd0c38fb7a02395c0d0353 in 
DEBUG: LC_ALL=C JX_LOG_LEVEL=error git log --format=%H%x1f%an%x1f%ae%x1f%cn%x1f%ce%x1f%s%n%b%x1e 05d8fdaf8a7177f9a7f1dc12173b1bd7dd402e60..HEAD
Merged SHA 45dd91eb2f8735050bcd0c38fb7a02395c0d0353 with commit message 'chore: Promote beet to version 0.0.1' into base branch master

Showing logs for build [32mbeethub-environment-beet-k8s-1-b87nw-1[0m stage [32mfrom-build-pack[0m and container [32mstep-build-helm-build[0m
WARNING: No $CHART_REPOSITORY defined so using the default value of: http://jenkins-x-chartmuseum:8080
Adding missing Helm repo: storage.googleapis.com https://storage.googleapis.com/chartmuseum.jenkins-x.io
Successfully added Helm repository storage.googleapis.com.
Adding missing Helm repo: jenkins-x-chartmuseum http://jenkins-x-chartmuseum:8080
Successfully added Helm repository jenkins-x-chartmuseum.
WARNING: No $CHART_REPOSITORY defined so using the default value of: http://jenkins-x-chartmuseum:8080
Adding missing Helm repo: chartmuseum.jenkins-x.io http://chartmuseum.jenkins-x.io
Successfully added Helm repository chartmuseum.jenkins-x.io.
Adding missing Helm repo: codecentric.github.io https://codecentric.github.io/helm-charts
Successfully added Helm repository codecentric.github.io.
